<?xml version="1.0" encoding="UTF-8"?>
<!-- Generated by org.testng.reporters.JUnitXMLReporter -->
<testsuite ignored="0" hostname="DESKTOP-FK3RV9V" failures="6" tests="241" name="Default test" time="2871.212" errors="0" timestamp="2024-10-17T16:40:47 IST">
  <testcase classname="TestCases.Hostel_BulkAllotment" name="hosteldata" time="11.31">
    <failure type="org.openqa.selenium.NoSuchElementException" message="Cannot locate option with text: 2101
For documentation on this error, please visit: https://www.selenium.dev/documentation/webdriver/troubleshooting/errors#no-such-element-exception
Build info: version: &amp;apos;4.25.0&amp;apos;, revision: &amp;apos;8a8aea2337&amp;apos;
System info: os.name: &amp;apos;Windows 11&amp;apos;, os.arch: &amp;apos;amd64&amp;apos;, os.version: &amp;apos;10.0&amp;apos;, java.version: &amp;apos;17.0.10&amp;apos;
Driver info: driver.version: unknown">
      <![CDATA[org.openqa.selenium.NoSuchElementException: Cannot locate option with text: 2101
For documentation on this error, please visit: https://www.selenium.dev/documentation/webdriver/troubleshooting/errors#no-such-element-exception
Build info: version: '4.25.0', revision: '8a8aea2337'
System info: os.name: 'Windows 11', os.arch: 'amd64', os.version: '10.0', java.version: '17.0.10'
Driver info: driver.version: unknown
at org.openqa.selenium.support.ui.Select.selectByVisibleText(Select.java:153)
at page_objects.Hostel_Management.room(Hostel_Management.java:121)
at TestCases.Hostel_BulkAllotment.hosteldata(Hostel_BulkAllotment.java:37)
at java.base/jdk.internal.reflect.NativeMethodAccessorImpl.invoke0(Native Method)
at java.base/jdk.internal.reflect.NativeMethodAccessorImpl.invoke(NativeMethodAccessorImpl.java:77)
at java.base/jdk.internal.reflect.DelegatingMethodAccessorImpl.invoke(DelegatingMethodAccessorImpl.java:43)
at java.base/java.lang.reflect.Method.invoke(Method.java:568)
at org.testng.internal.MethodInvocationHelper.invokeMethod(MethodInvocationHelper.java:133)
at org.testng.internal.TestInvoker.invokeMethod(TestInvoker.java:598)
at org.testng.internal.TestInvoker.invokeTestMethod(TestInvoker.java:173)
at org.testng.internal.MethodRunner.runInSequence(MethodRunner.java:46)
at org.testng.internal.TestInvoker$MethodInvocationAgent.invoke(TestInvoker.java:824)
at org.testng.internal.TestInvoker.invokeTestMethods(TestInvoker.java:146)
at org.testng.internal.TestMethodWorker.invokeTestMethods(TestMethodWorker.java:146)
at org.testng.internal.TestMethodWorker.run(TestMethodWorker.java:128)
at java.base/java.util.ArrayList.forEach(ArrayList.java:1511)
at org.testng.TestRunner.privateRun(TestRunner.java:794)
at org.testng.TestRunner.run(TestRunner.java:596)
at org.testng.SuiteRunner.runTest(SuiteRunner.java:377)
at org.testng.SuiteRunner.runSequentially(SuiteRunner.java:371)
at org.testng.SuiteRunner.privateRun(SuiteRunner.java:332)
at org.testng.SuiteRunner.run(SuiteRunner.java:276)
at org.testng.SuiteRunnerWorker.runSuite(SuiteRunnerWorker.java:53)
at org.testng.SuiteRunnerWorker.run(SuiteRunnerWorker.java:96)
at org.testng.TestNG.runSuitesSequentially(TestNG.java:1212)
at org.testng.TestNG.runSuitesLocally(TestNG.java:1134)
at org.testng.TestNG.runSuites(TestNG.java:1063)
at org.testng.TestNG.run(TestNG.java:1031)
at org.testng.remote.AbstractRemoteTestNG.run(AbstractRemoteTestNG.java:115)
at org.testng.remote.RemoteTestNG.initAndRun(RemoteTestNG.java:251)
at org.testng.remote.RemoteTestNG.main(RemoteTestNG.java:77)
]]>
    </failure>
  </testcase> <!-- hosteldata -->
  <testcase classname="TestCases.Hostel_BulkAllotment" name="hosteldata" time="6.758"/>
  <testcase classname="TestCases.Hostel_BulkAllotment" name="hosteldata" time="6.603"/>
  <testcase classname="TestCases.Hostel_BulkAllotment" name="hosteldata" time="6.533"/>
  <testcase classname="TestCases.Hostel_BulkAllotment" name="hosteldata" time="6.654"/>
  <testcase classname="TestCases.Hostel_BulkAllotment" name="hosteldata" time="6.689"/>
  <testcase classname="TestCases.Hostel_BulkAllotment" name="hosteldata" time="6.525"/>
  <testcase classname="TestCases.Hostel_BulkAllotment" name="hosteldata" time="6.311"/>
  <testcase classname="TestCases.Hostel_BulkAllotment" name="hosteldata" time="6.635"/>
  <testcase classname="TestCases.Hostel_BulkAllotment" name="hosteldata" time="6.651"/>
  <testcase classname="TestCases.Hostel_BulkAllotment" name="hosteldata" time="6.532"/>
  <testcase classname="TestCases.Hostel_BulkAllotment" name="hosteldata" time="6.575"/>
  <testcase classname="TestCases.Hostel_BulkAllotment" name="hosteldata" time="6.787"/>
  <testcase classname="TestCases.Hostel_BulkAllotment" name="hosteldata" time="6.565"/>
  <testcase classname="TestCases.Hostel_BulkAllotment" name="hosteldata" time="6.374"/>
  <testcase classname="TestCases.Hostel_BulkAllotment" name="hosteldata" time="6.375"/>
  <testcase classname="TestCases.Hostel_BulkAllotment" name="hosteldata" time="6.691"/>
  <testcase classname="TestCases.Hostel_BulkAllotment" name="hosteldata" time="6.781"/>
  <testcase classname="TestCases.Hostel_BulkAllotment" name="hosteldata" time="6.858"/>
  <testcase classname="TestCases.Hostel_BulkAllotment" name="hosteldata" time="6.472"/>
  <testcase classname="TestCases.Hostel_BulkAllotment" name="hosteldata" time="6.341"/>
  <testcase classname="TestCases.Hostel_BulkAllotment" name="hosteldata" time="6.627"/>
  <testcase classname="TestCases.Hostel_BulkAllotment" name="hosteldata" time="6.459"/>
  <testcase classname="TestCases.Hostel_BulkAllotment" name="hosteldata" time="6.74"/>
  <testcase classname="TestCases.Hostel_BulkAllotment" name="hosteldata" time="6.649"/>
  <testcase classname="TestCases.Hostel_BulkAllotment" name="hosteldata" time="6.786"/>
  <testcase classname="TestCases.Hostel_BulkAllotment" name="hosteldata" time="6.852"/>
  <testcase classname="TestCases.Hostel_BulkAllotment" name="hosteldata" time="6.67"/>
  <testcase classname="TestCases.Hostel_BulkAllotment" name="hosteldata" time="6.875"/>
  <testcase classname="TestCases.Hostel_BulkAllotment" name="hosteldata" time="6.44"/>
  <testcase classname="TestCases.Hostel_BulkAllotment" name="hosteldata" time="6.523"/>
  <testcase classname="TestCases.Hostel_BulkAllotment" name="hosteldata" time="6.637"/>
  <testcase classname="TestCases.Hostel_BulkAllotment" name="hosteldata" time="6.497"/>
  <testcase classname="TestCases.Hostel_BulkAllotment" name="hosteldata" time="6.841"/>
  <testcase classname="TestCases.Hostel_BulkAllotment" name="hosteldata" time="9.552"/>
  <testcase classname="TestCases.Hostel_BulkAllotment" name="hosteldata" time="6.81"/>
  <testcase classname="TestCases.Hostel_BulkAllotment" name="hosteldata" time="6.526"/>
  <testcase classname="TestCases.Hostel_BulkAllotment" name="hosteldata" time="6.539"/>
  <testcase classname="TestCases.Hostel_BulkAllotment" name="hosteldata" time="6.584"/>
  <testcase classname="TestCases.Hostel_BulkAllotment" name="hosteldata" time="6.731"/>
  <testcase classname="TestCases.Hostel_BulkAllotment" name="hosteldata" time="6.776"/>
  <testcase classname="TestCases.Hostel_BulkAllotment" name="hosteldata" time="8.629"/>
  <testcase classname="TestCases.Hostel_BulkAllotment" name="hosteldata" time="6.635"/>
  <testcase classname="TestCases.Hostel_BulkAllotment" name="hosteldata" time="6.766"/>
  <testcase classname="TestCases.Hostel_BulkAllotment" name="hosteldata" time="6.721"/>
  <testcase classname="TestCases.Hostel_BulkAllotment" name="hosteldata" time="6.652"/>
  <testcase classname="TestCases.Hostel_BulkAllotment" name="hosteldata" time="6.532"/>
  <testcase classname="TestCases.Hostel_BulkAllotment" name="hosteldata" time="6.671"/>
  <testcase classname="TestCases.Hostel_BulkAllotment" name="hosteldata" time="6.478"/>
  <testcase classname="TestCases.Hostel_BulkAllotment" name="hosteldata" time="6.65"/>
  <testcase classname="TestCases.Hostel_BulkAllotment" name="hosteldata" time="6.378"/>
  <testcase classname="TestCases.Hostel_BulkAllotment" name="hosteldata" time="6.596"/>
  <testcase classname="TestCases.Hostel_BulkAllotment" name="hosteldata" time="6.733"/>
  <testcase classname="TestCases.Hostel_BulkAllotment" name="hosteldata" time="6.589"/>
  <testcase classname="TestCases.Hostel_BulkAllotment" name="hosteldata" time="6.584"/>
  <testcase classname="TestCases.Hostel_BulkAllotment" name="hosteldata" time="6.458"/>
  <testcase classname="TestCases.Hostel_BulkAllotment" name="hosteldata" time="6.473"/>
  <testcase classname="TestCases.Hostel_BulkAllotment" name="hosteldata" time="6.902"/>
  <testcase classname="TestCases.Hostel_BulkAllotment" name="hosteldata" time="6.784"/>
  <testcase classname="TestCases.Hostel_BulkAllotment" name="hosteldata" time="6.751"/>
  <testcase classname="TestCases.Hostel_BulkAllotment" name="hosteldata" time="6.528"/>
  <testcase classname="TestCases.Hostel_BulkAllotment" name="hosteldata" time="6.552"/>
  <testcase classname="TestCases.Hostel_BulkAllotment" name="hosteldata" time="6.793"/>
  <testcase classname="TestCases.Hostel_BulkAllotment" name="hosteldata" time="6.711"/>
  <testcase classname="TestCases.Hostel_BulkAllotment" name="hosteldata" time="6.783"/>
  <testcase classname="TestCases.Hostel_BulkAllotment" name="hosteldata" time="6.707"/>
  <testcase classname="TestCases.Hostel_BulkAllotment" name="hosteldata" time="6.617"/>
  <testcase classname="TestCases.Hostel_BulkAllotment" name="hosteldata" time="6.757"/>
  <testcase classname="TestCases.Hostel_BulkAllotment" name="hosteldata" time="7.237"/>
  <testcase classname="TestCases.Hostel_BulkAllotment" name="hosteldata" time="6.636"/>
  <testcase classname="TestCases.Hostel_BulkAllotment" name="hosteldata" time="6.419"/>
  <testcase classname="TestCases.Hostel_BulkAllotment" name="hosteldata" time="6.571"/>
  <testcase classname="TestCases.Hostel_BulkAllotment" name="hosteldata" time="6.82"/>
  <testcase classname="TestCases.Hostel_BulkAllotment" name="hosteldata" time="6.851"/>
  <testcase classname="TestCases.Hostel_BulkAllotment" name="hosteldata" time="6.664"/>
  <testcase classname="TestCases.Hostel_BulkAllotment" name="hosteldata" time="6.525"/>
  <testcase classname="TestCases.Hostel_BulkAllotment" name="hosteldata" time="11.193">
    <failure type="org.openqa.selenium.NoSuchElementException" message="no such element: Unable to locate element: {&amp;quot;method&amp;quot;:&amp;quot;xpath&amp;quot;,&amp;quot;selector&amp;quot;:&amp;quot;(//span[@class=&amp;apos;chakra-checkbox__control css-1ydjfm6&amp;apos;])[2]&amp;quot;}
  (Session info: chrome=129.0.6668.101)
For documentation on this error, please visit: https://www.selenium.dev/documentation/webdriver/troubleshooting/errors#no-such-element-exception
Build info: version: &amp;apos;4.25.0&amp;apos;, revision: &amp;apos;8a8aea2337&amp;apos;
System info: os.name: &amp;apos;Windows 11&amp;apos;, os.arch: &amp;apos;amd64&amp;apos;, os.version: &amp;apos;10.0&amp;apos;, java.version: &amp;apos;17.0.10&amp;apos;
Driver info: org.openqa.selenium.chrome.ChromeDriver
Command: [2f394ac04d223a43b96924e7e102572a, findElement {using=xpath, value=(//span[@class=&amp;apos;chakra-checkbox__control css-1ydjfm6&amp;apos;])[2]}]
Capabilities {acceptInsecureCerts: false, browserName: chrome, browserVersion: 129.0.6668.101, chrome: {chromedriverVersion: 129.0.6668.100 (cf58cba358d..., userDataDir: C:\Users\Admin\AppData\Loca...}, fedcm:accounts: true, goog:chromeOptions: {debuggerAddress: localhost:53576}, networkConnectionEnabled: false, pageLoadStrategy: normal, platformName: windows, proxy: Proxy(), se:cdp: ws://localhost:53576/devtoo..., se:cdpVersion: 129.0.6668.101, setWindowRect: true, strictFileInteractability: false, timeouts: {implicit: 0, pageLoad: 300000, script: 30000}, unhandledPromptBehavior: dismiss and notify, webauthn:extension:credBlob: true, webauthn:extension:largeBlob: true, webauthn:extension:minPinLength: true, webauthn:extension:prf: true, webauthn:virtualAuthenticators: true}
Session ID: 2f394ac04d223a43b96924e7e102572a">
      <![CDATA[org.openqa.selenium.NoSuchElementException: no such element: Unable to locate element: {"method":"xpath","selector":"(//span[@class='chakra-checkbox__control css-1ydjfm6'])[2]"}
  (Session info: chrome=129.0.6668.101)
For documentation on this error, please visit: https://www.selenium.dev/documentation/webdriver/troubleshooting/errors#no-such-element-exception
Build info: version: '4.25.0', revision: '8a8aea2337'
System info: os.name: 'Windows 11', os.arch: 'amd64', os.version: '10.0', java.version: '17.0.10'
Driver info: org.openqa.selenium.chrome.ChromeDriver
Command: [2f394ac04d223a43b96924e7e102572a, findElement {using=xpath, value=(//span[@class='chakra-checkbox__control css-1ydjfm6'])[2]}]
Capabilities {acceptInsecureCerts: false, browserName: chrome, browserVersion: 129.0.6668.101, chrome: {chromedriverVersion: 129.0.6668.100 (cf58cba358d..., userDataDir: C:\Users\Admin\AppData\Loca...}, fedcm:accounts: true, goog:chromeOptions: {debuggerAddress: localhost:53576}, networkConnectionEnabled: false, pageLoadStrategy: normal, platformName: windows, proxy: Proxy(), se:cdp: ws://localhost:53576/devtoo..., se:cdpVersion: 129.0.6668.101, setWindowRect: true, strictFileInteractability: false, timeouts: {implicit: 0, pageLoad: 300000, script: 30000}, unhandledPromptBehavior: dismiss and notify, webauthn:extension:credBlob: true, webauthn:extension:largeBlob: true, webauthn:extension:minPinLength: true, webauthn:extension:prf: true, webauthn:virtualAuthenticators: true}
Session ID: 2f394ac04d223a43b96924e7e102572a
at java.base/jdk.internal.reflect.NativeConstructorAccessorImpl.newInstance0(Native Method)
at java.base/jdk.internal.reflect.NativeConstructorAccessorImpl.newInstance(NativeConstructorAccessorImpl.java:77)
at java.base/jdk.internal.reflect.DelegatingConstructorAccessorImpl.newInstance(DelegatingConstructorAccessorImpl.java:45)
at java.base/java.lang.reflect.Constructor.newInstanceWithCaller(Constructor.java:499)
at java.base/java.lang.reflect.Constructor.newInstance(Constructor.java:480)
at org.openqa.selenium.remote.ErrorCodec.decode(ErrorCodec.java:167)
at org.openqa.selenium.remote.codec.w3c.W3CHttpResponseCodec.decode(W3CHttpResponseCodec.java:138)
at org.openqa.selenium.remote.codec.w3c.W3CHttpResponseCodec.decode(W3CHttpResponseCodec.java:50)
at org.openqa.selenium.remote.HttpCommandExecutor.execute(HttpCommandExecutor.java:190)
at org.openqa.selenium.remote.service.DriverCommandExecutor.invokeExecute(DriverCommandExecutor.java:216)
at org.openqa.selenium.remote.service.DriverCommandExecutor.execute(DriverCommandExecutor.java:174)
at org.openqa.selenium.remote.RemoteWebDriver.execute(RemoteWebDriver.java:545)
at org.openqa.selenium.remote.ElementLocation$ElementFinder$2.findElement(ElementLocation.java:165)
at org.openqa.selenium.remote.ElementLocation.findElement(ElementLocation.java:59)
at org.openqa.selenium.remote.RemoteWebDriver.findElement(RemoteWebDriver.java:368)
at org.openqa.selenium.remote.RemoteWebDriver.findElement(RemoteWebDriver.java:362)
at org.openqa.selenium.support.pagefactory.DefaultElementLocator.findElement(DefaultElementLocator.java:68)
at org.openqa.selenium.support.pagefactory.internal.LocatingElementHandler.invoke(LocatingElementHandler.java:38)
at jdk.proxy2/jdk.proxy2.$Proxy38.click(Unknown Source)
at page_objects.Hostel_Management.student_selection(Hostel_Management.java:134)
at TestCases.Hostel_BulkAllotment.hosteldata(Hostel_BulkAllotment.java:39)
at jdk.internal.reflect.GeneratedMethodAccessor13.invoke(Unknown Source)
at java.base/jdk.internal.reflect.DelegatingMethodAccessorImpl.invoke(DelegatingMethodAccessorImpl.java:43)
at java.base/java.lang.reflect.Method.invoke(Method.java:568)
at org.testng.internal.MethodInvocationHelper.invokeMethod(MethodInvocationHelper.java:133)
at org.testng.internal.TestInvoker.invokeMethod(TestInvoker.java:598)
at org.testng.internal.TestInvoker.invokeTestMethod(TestInvoker.java:173)
at org.testng.internal.MethodRunner.runInSequence(MethodRunner.java:46)
at org.testng.internal.TestInvoker$MethodInvocationAgent.invoke(TestInvoker.java:824)
at org.testng.internal.TestInvoker.invokeTestMethods(TestInvoker.java:146)
at org.testng.internal.TestMethodWorker.invokeTestMethods(TestMethodWorker.java:146)
at org.testng.internal.TestMethodWorker.run(TestMethodWorker.java:128)
at java.base/java.util.ArrayList.forEach(ArrayList.java:1511)
at org.testng.TestRunner.privateRun(TestRunner.java:794)
at org.testng.TestRunner.run(TestRunner.java:596)
at org.testng.SuiteRunner.runTest(SuiteRunner.java:377)
at org.testng.SuiteRunner.runSequentially(SuiteRunner.java:371)
at org.testng.SuiteRunner.privateRun(SuiteRunner.java:332)
at org.testng.SuiteRunner.run(SuiteRunner.java:276)
at org.testng.SuiteRunnerWorker.runSuite(SuiteRunnerWorker.java:53)
at org.testng.SuiteRunnerWorker.run(SuiteRunnerWorker.java:96)
at org.testng.TestNG.runSuitesSequentially(TestNG.java:1212)
at org.testng.TestNG.runSuitesLocally(TestNG.java:1134)
at org.testng.TestNG.runSuites(TestNG.java:1063)
at org.testng.TestNG.run(TestNG.java:1031)
at org.testng.remote.AbstractRemoteTestNG.run(AbstractRemoteTestNG.java:115)
at org.testng.remote.RemoteTestNG.initAndRun(RemoteTestNG.java:251)
at org.testng.remote.RemoteTestNG.main(RemoteTestNG.java:77)
]]>
    </failure>
  </testcase> <!-- hosteldata -->
  <testcase classname="TestCases.Hostel_BulkAllotment" name="hosteldata" time="6.892"/>
  <testcase classname="TestCases.Hostel_BulkAllotment" name="hosteldata" time="6.535"/>
  <testcase classname="TestCases.Hostel_BulkAllotment" name="hosteldata" time="6.617"/>
  <testcase classname="TestCases.Hostel_BulkAllotment" name="hosteldata" time="7.016"/>
  <testcase classname="TestCases.Hostel_BulkAllotment" name="hosteldata" time="6.511"/>
  <testcase classname="TestCases.Hostel_BulkAllotment" name="hosteldata" time="6.449"/>
  <testcase classname="TestCases.Hostel_BulkAllotment" name="hosteldata" time="6.53"/>
  <testcase classname="TestCases.Hostel_BulkAllotment" name="hosteldata" time="6.526"/>
  <testcase classname="TestCases.Hostel_BulkAllotment" name="hosteldata" time="6.601"/>
  <testcase classname="TestCases.Hostel_BulkAllotment" name="hosteldata" time="6.633"/>
  <testcase classname="TestCases.Hostel_BulkAllotment" name="hosteldata" time="6.656"/>
  <testcase classname="TestCases.Hostel_BulkAllotment" name="hosteldata" time="6.471"/>
  <testcase classname="TestCases.Hostel_BulkAllotment" name="hosteldata" time="6.765"/>
  <testcase classname="TestCases.Hostel_BulkAllotment" name="hosteldata" time="6.572"/>
  <testcase classname="TestCases.Hostel_BulkAllotment" name="hosteldata" time="6.446"/>
  <testcase classname="TestCases.Hostel_BulkAllotment" name="hosteldata" time="6.514"/>
  <testcase classname="TestCases.Hostel_BulkAllotment" name="hosteldata" time="6.715"/>
  <testcase classname="TestCases.Hostel_BulkAllotment" name="hosteldata" time="6.605"/>
  <testcase classname="TestCases.Hostel_BulkAllotment" name="hosteldata" time="11.099">
    <failure type="org.openqa.selenium.NoSuchElementException" message="no such element: Unable to locate element: {&amp;quot;method&amp;quot;:&amp;quot;xpath&amp;quot;,&amp;quot;selector&amp;quot;:&amp;quot;(//span[@class=&amp;apos;chakra-checkbox__control css-1ydjfm6&amp;apos;])[2]&amp;quot;}
  (Session info: chrome=129.0.6668.101)
For documentation on this error, please visit: https://www.selenium.dev/documentation/webdriver/troubleshooting/errors#no-such-element-exception
Build info: version: &amp;apos;4.25.0&amp;apos;, revision: &amp;apos;8a8aea2337&amp;apos;
System info: os.name: &amp;apos;Windows 11&amp;apos;, os.arch: &amp;apos;amd64&amp;apos;, os.version: &amp;apos;10.0&amp;apos;, java.version: &amp;apos;17.0.10&amp;apos;
Driver info: org.openqa.selenium.chrome.ChromeDriver
Command: [ed97eccff3ccdc23cda43a754cf4ffcf, findElement {using=xpath, value=(//span[@class=&amp;apos;chakra-checkbox__control css-1ydjfm6&amp;apos;])[2]}]
Capabilities {acceptInsecureCerts: false, browserName: chrome, browserVersion: 129.0.6668.101, chrome: {chromedriverVersion: 129.0.6668.100 (cf58cba358d..., userDataDir: C:\Users\Admin\AppData\Loca...}, fedcm:accounts: true, goog:chromeOptions: {debuggerAddress: localhost:53974}, networkConnectionEnabled: false, pageLoadStrategy: normal, platformName: windows, proxy: Proxy(), se:cdp: ws://localhost:53974/devtoo..., se:cdpVersion: 129.0.6668.101, setWindowRect: true, strictFileInteractability: false, timeouts: {implicit: 0, pageLoad: 300000, script: 30000}, unhandledPromptBehavior: dismiss and notify, webauthn:extension:credBlob: true, webauthn:extension:largeBlob: true, webauthn:extension:minPinLength: true, webauthn:extension:prf: true, webauthn:virtualAuthenticators: true}
Session ID: ed97eccff3ccdc23cda43a754cf4ffcf">
      <![CDATA[org.openqa.selenium.NoSuchElementException: no such element: Unable to locate element: {"method":"xpath","selector":"(//span[@class='chakra-checkbox__control css-1ydjfm6'])[2]"}
  (Session info: chrome=129.0.6668.101)
For documentation on this error, please visit: https://www.selenium.dev/documentation/webdriver/troubleshooting/errors#no-such-element-exception
Build info: version: '4.25.0', revision: '8a8aea2337'
System info: os.name: 'Windows 11', os.arch: 'amd64', os.version: '10.0', java.version: '17.0.10'
Driver info: org.openqa.selenium.chrome.ChromeDriver
Command: [ed97eccff3ccdc23cda43a754cf4ffcf, findElement {using=xpath, value=(//span[@class='chakra-checkbox__control css-1ydjfm6'])[2]}]
Capabilities {acceptInsecureCerts: false, browserName: chrome, browserVersion: 129.0.6668.101, chrome: {chromedriverVersion: 129.0.6668.100 (cf58cba358d..., userDataDir: C:\Users\Admin\AppData\Loca...}, fedcm:accounts: true, goog:chromeOptions: {debuggerAddress: localhost:53974}, networkConnectionEnabled: false, pageLoadStrategy: normal, platformName: windows, proxy: Proxy(), se:cdp: ws://localhost:53974/devtoo..., se:cdpVersion: 129.0.6668.101, setWindowRect: true, strictFileInteractability: false, timeouts: {implicit: 0, pageLoad: 300000, script: 30000}, unhandledPromptBehavior: dismiss and notify, webauthn:extension:credBlob: true, webauthn:extension:largeBlob: true, webauthn:extension:minPinLength: true, webauthn:extension:prf: true, webauthn:virtualAuthenticators: true}
Session ID: ed97eccff3ccdc23cda43a754cf4ffcf
at java.base/jdk.internal.reflect.NativeConstructorAccessorImpl.newInstance0(Native Method)
at java.base/jdk.internal.reflect.NativeConstructorAccessorImpl.newInstance(NativeConstructorAccessorImpl.java:77)
at java.base/jdk.internal.reflect.DelegatingConstructorAccessorImpl.newInstance(DelegatingConstructorAccessorImpl.java:45)
at java.base/java.lang.reflect.Constructor.newInstanceWithCaller(Constructor.java:499)
at java.base/java.lang.reflect.Constructor.newInstance(Constructor.java:480)
at org.openqa.selenium.remote.ErrorCodec.decode(ErrorCodec.java:167)
at org.openqa.selenium.remote.codec.w3c.W3CHttpResponseCodec.decode(W3CHttpResponseCodec.java:138)
at org.openqa.selenium.remote.codec.w3c.W3CHttpResponseCodec.decode(W3CHttpResponseCodec.java:50)
at org.openqa.selenium.remote.HttpCommandExecutor.execute(HttpCommandExecutor.java:190)
at org.openqa.selenium.remote.service.DriverCommandExecutor.invokeExecute(DriverCommandExecutor.java:216)
at org.openqa.selenium.remote.service.DriverCommandExecutor.execute(DriverCommandExecutor.java:174)
at org.openqa.selenium.remote.RemoteWebDriver.execute(RemoteWebDriver.java:545)
at org.openqa.selenium.remote.ElementLocation$ElementFinder$2.findElement(ElementLocation.java:165)
at org.openqa.selenium.remote.ElementLocation.findElement(ElementLocation.java:59)
at org.openqa.selenium.remote.RemoteWebDriver.findElement(RemoteWebDriver.java:368)
at org.openqa.selenium.remote.RemoteWebDriver.findElement(RemoteWebDriver.java:362)
at org.openqa.selenium.support.pagefactory.DefaultElementLocator.findElement(DefaultElementLocator.java:68)
at org.openqa.selenium.support.pagefactory.internal.LocatingElementHandler.invoke(LocatingElementHandler.java:38)
at jdk.proxy2/jdk.proxy2.$Proxy38.click(Unknown Source)
at page_objects.Hostel_Management.student_selection(Hostel_Management.java:134)
at TestCases.Hostel_BulkAllotment.hosteldata(Hostel_BulkAllotment.java:39)
at jdk.internal.reflect.GeneratedMethodAccessor13.invoke(Unknown Source)
at java.base/jdk.internal.reflect.DelegatingMethodAccessorImpl.invoke(DelegatingMethodAccessorImpl.java:43)
at java.base/java.lang.reflect.Method.invoke(Method.java:568)
at org.testng.internal.MethodInvocationHelper.invokeMethod(MethodInvocationHelper.java:133)
at org.testng.internal.TestInvoker.invokeMethod(TestInvoker.java:598)
at org.testng.internal.TestInvoker.invokeTestMethod(TestInvoker.java:173)
at org.testng.internal.MethodRunner.runInSequence(MethodRunner.java:46)
at org.testng.internal.TestInvoker$MethodInvocationAgent.invoke(TestInvoker.java:824)
at org.testng.internal.TestInvoker.invokeTestMethods(TestInvoker.java:146)
at org.testng.internal.TestMethodWorker.invokeTestMethods(TestMethodWorker.java:146)
at org.testng.internal.TestMethodWorker.run(TestMethodWorker.java:128)
at java.base/java.util.ArrayList.forEach(ArrayList.java:1511)
at org.testng.TestRunner.privateRun(TestRunner.java:794)
at org.testng.TestRunner.run(TestRunner.java:596)
at org.testng.SuiteRunner.runTest(SuiteRunner.java:377)
at org.testng.SuiteRunner.runSequentially(SuiteRunner.java:371)
at org.testng.SuiteRunner.privateRun(SuiteRunner.java:332)
at org.testng.SuiteRunner.run(SuiteRunner.java:276)
at org.testng.SuiteRunnerWorker.runSuite(SuiteRunnerWorker.java:53)
at org.testng.SuiteRunnerWorker.run(SuiteRunnerWorker.java:96)
at org.testng.TestNG.runSuitesSequentially(TestNG.java:1212)
at org.testng.TestNG.runSuitesLocally(TestNG.java:1134)
at org.testng.TestNG.runSuites(TestNG.java:1063)
at org.testng.TestNG.run(TestNG.java:1031)
at org.testng.remote.AbstractRemoteTestNG.run(AbstractRemoteTestNG.java:115)
at org.testng.remote.RemoteTestNG.initAndRun(RemoteTestNG.java:251)
at org.testng.remote.RemoteTestNG.main(RemoteTestNG.java:77)
]]>
    </failure>
  </testcase> <!-- hosteldata -->
  <testcase classname="TestCases.Hostel_BulkAllotment" name="hosteldata" time="6.605"/>
  <testcase classname="TestCases.Hostel_BulkAllotment" name="hosteldata" time="9.287"/>
  <testcase classname="TestCases.Hostel_BulkAllotment" name="hosteldata" time="8.471"/>
  <testcase classname="TestCases.Hostel_BulkAllotment" name="hosteldata" time="6.649"/>
  <testcase classname="TestCases.Hostel_BulkAllotment" name="hosteldata" time="6.801"/>
  <testcase classname="TestCases.Hostel_BulkAllotment" name="hosteldata" time="6.823"/>
  <testcase classname="TestCases.Hostel_BulkAllotment" name="hosteldata" time="6.679"/>
  <testcase classname="TestCases.Hostel_BulkAllotment" name="hosteldata" time="7.0"/>
  <testcase classname="TestCases.Hostel_BulkAllotment" name="hosteldata" time="6.844"/>
  <testcase classname="TestCases.Hostel_BulkAllotment" name="hosteldata" time="9.685"/>
  <testcase classname="TestCases.Hostel_BulkAllotment" name="hosteldata" time="6.897"/>
  <testcase classname="TestCases.Hostel_BulkAllotment" name="hosteldata" time="6.456"/>
  <testcase classname="TestCases.Hostel_BulkAllotment" name="hosteldata" time="6.544"/>
  <testcase classname="TestCases.Hostel_BulkAllotment" name="hosteldata" time="6.421"/>
  <testcase classname="TestCases.Hostel_BulkAllotment" name="hosteldata" time="6.659"/>
  <testcase classname="TestCases.Hostel_BulkAllotment" name="hosteldata" time="6.675"/>
  <testcase classname="TestCases.Hostel_BulkAllotment" name="hosteldata" time="11.488">
    <failure type="org.openqa.selenium.NoSuchElementException" message="no such element: Unable to locate element: {&amp;quot;method&amp;quot;:&amp;quot;xpath&amp;quot;,&amp;quot;selector&amp;quot;:&amp;quot;(//span[@class=&amp;apos;chakra-checkbox__control css-1ydjfm6&amp;apos;])[2]&amp;quot;}
  (Session info: chrome=129.0.6668.101)
For documentation on this error, please visit: https://www.selenium.dev/documentation/webdriver/troubleshooting/errors#no-such-element-exception
Build info: version: &amp;apos;4.25.0&amp;apos;, revision: &amp;apos;8a8aea2337&amp;apos;
System info: os.name: &amp;apos;Windows 11&amp;apos;, os.arch: &amp;apos;amd64&amp;apos;, os.version: &amp;apos;10.0&amp;apos;, java.version: &amp;apos;17.0.10&amp;apos;
Driver info: org.openqa.selenium.chrome.ChromeDriver
Command: [07f2f5b1ab6c4a6f9ea1f5ea265e554e, findElement {using=xpath, value=(//span[@class=&amp;apos;chakra-checkbox__control css-1ydjfm6&amp;apos;])[2]}]
Capabilities {acceptInsecureCerts: false, browserName: chrome, browserVersion: 129.0.6668.101, chrome: {chromedriverVersion: 129.0.6668.100 (cf58cba358d..., userDataDir: C:\Users\Admin\AppData\Loca...}, fedcm:accounts: true, goog:chromeOptions: {debuggerAddress: localhost:54328}, networkConnectionEnabled: false, pageLoadStrategy: normal, platformName: windows, proxy: Proxy(), se:cdp: ws://localhost:54328/devtoo..., se:cdpVersion: 129.0.6668.101, setWindowRect: true, strictFileInteractability: false, timeouts: {implicit: 0, pageLoad: 300000, script: 30000}, unhandledPromptBehavior: dismiss and notify, webauthn:extension:credBlob: true, webauthn:extension:largeBlob: true, webauthn:extension:minPinLength: true, webauthn:extension:prf: true, webauthn:virtualAuthenticators: true}
Session ID: 07f2f5b1ab6c4a6f9ea1f5ea265e554e">
      <![CDATA[org.openqa.selenium.NoSuchElementException: no such element: Unable to locate element: {"method":"xpath","selector":"(//span[@class='chakra-checkbox__control css-1ydjfm6'])[2]"}
  (Session info: chrome=129.0.6668.101)
For documentation on this error, please visit: https://www.selenium.dev/documentation/webdriver/troubleshooting/errors#no-such-element-exception
Build info: version: '4.25.0', revision: '8a8aea2337'
System info: os.name: 'Windows 11', os.arch: 'amd64', os.version: '10.0', java.version: '17.0.10'
Driver info: org.openqa.selenium.chrome.ChromeDriver
Command: [07f2f5b1ab6c4a6f9ea1f5ea265e554e, findElement {using=xpath, value=(//span[@class='chakra-checkbox__control css-1ydjfm6'])[2]}]
Capabilities {acceptInsecureCerts: false, browserName: chrome, browserVersion: 129.0.6668.101, chrome: {chromedriverVersion: 129.0.6668.100 (cf58cba358d..., userDataDir: C:\Users\Admin\AppData\Loca...}, fedcm:accounts: true, goog:chromeOptions: {debuggerAddress: localhost:54328}, networkConnectionEnabled: false, pageLoadStrategy: normal, platformName: windows, proxy: Proxy(), se:cdp: ws://localhost:54328/devtoo..., se:cdpVersion: 129.0.6668.101, setWindowRect: true, strictFileInteractability: false, timeouts: {implicit: 0, pageLoad: 300000, script: 30000}, unhandledPromptBehavior: dismiss and notify, webauthn:extension:credBlob: true, webauthn:extension:largeBlob: true, webauthn:extension:minPinLength: true, webauthn:extension:prf: true, webauthn:virtualAuthenticators: true}
Session ID: 07f2f5b1ab6c4a6f9ea1f5ea265e554e
at java.base/jdk.internal.reflect.NativeConstructorAccessorImpl.newInstance0(Native Method)
at java.base/jdk.internal.reflect.NativeConstructorAccessorImpl.newInstance(NativeConstructorAccessorImpl.java:77)
at java.base/jdk.internal.reflect.DelegatingConstructorAccessorImpl.newInstance(DelegatingConstructorAccessorImpl.java:45)
at java.base/java.lang.reflect.Constructor.newInstanceWithCaller(Constructor.java:499)
at java.base/java.lang.reflect.Constructor.newInstance(Constructor.java:480)
at org.openqa.selenium.remote.ErrorCodec.decode(ErrorCodec.java:167)
at org.openqa.selenium.remote.codec.w3c.W3CHttpResponseCodec.decode(W3CHttpResponseCodec.java:138)
at org.openqa.selenium.remote.codec.w3c.W3CHttpResponseCodec.decode(W3CHttpResponseCodec.java:50)
at org.openqa.selenium.remote.HttpCommandExecutor.execute(HttpCommandExecutor.java:190)
at org.openqa.selenium.remote.service.DriverCommandExecutor.invokeExecute(DriverCommandExecutor.java:216)
at org.openqa.selenium.remote.service.DriverCommandExecutor.execute(DriverCommandExecutor.java:174)
at org.openqa.selenium.remote.RemoteWebDriver.execute(RemoteWebDriver.java:545)
at org.openqa.selenium.remote.ElementLocation$ElementFinder$2.findElement(ElementLocation.java:165)
at org.openqa.selenium.remote.ElementLocation.findElement(ElementLocation.java:59)
at org.openqa.selenium.remote.RemoteWebDriver.findElement(RemoteWebDriver.java:368)
at org.openqa.selenium.remote.RemoteWebDriver.findElement(RemoteWebDriver.java:362)
at org.openqa.selenium.support.pagefactory.DefaultElementLocator.findElement(DefaultElementLocator.java:68)
at org.openqa.selenium.support.pagefactory.internal.LocatingElementHandler.invoke(LocatingElementHandler.java:38)
at jdk.proxy2/jdk.proxy2.$Proxy38.click(Unknown Source)
at page_objects.Hostel_Management.student_selection(Hostel_Management.java:134)
at TestCases.Hostel_BulkAllotment.hosteldata(Hostel_BulkAllotment.java:39)
at jdk.internal.reflect.GeneratedMethodAccessor13.invoke(Unknown Source)
at java.base/jdk.internal.reflect.DelegatingMethodAccessorImpl.invoke(DelegatingMethodAccessorImpl.java:43)
at java.base/java.lang.reflect.Method.invoke(Method.java:568)
at org.testng.internal.MethodInvocationHelper.invokeMethod(MethodInvocationHelper.java:133)
at org.testng.internal.TestInvoker.invokeMethod(TestInvoker.java:598)
at org.testng.internal.TestInvoker.invokeTestMethod(TestInvoker.java:173)
at org.testng.internal.MethodRunner.runInSequence(MethodRunner.java:46)
at org.testng.internal.TestInvoker$MethodInvocationAgent.invoke(TestInvoker.java:824)
at org.testng.internal.TestInvoker.invokeTestMethods(TestInvoker.java:146)
at org.testng.internal.TestMethodWorker.invokeTestMethods(TestMethodWorker.java:146)
at org.testng.internal.TestMethodWorker.run(TestMethodWorker.java:128)
at java.base/java.util.ArrayList.forEach(ArrayList.java:1511)
at org.testng.TestRunner.privateRun(TestRunner.java:794)
at org.testng.TestRunner.run(TestRunner.java:596)
at org.testng.SuiteRunner.runTest(SuiteRunner.java:377)
at org.testng.SuiteRunner.runSequentially(SuiteRunner.java:371)
at org.testng.SuiteRunner.privateRun(SuiteRunner.java:332)
at org.testng.SuiteRunner.run(SuiteRunner.java:276)
at org.testng.SuiteRunnerWorker.runSuite(SuiteRunnerWorker.java:53)
at org.testng.SuiteRunnerWorker.run(SuiteRunnerWorker.java:96)
at org.testng.TestNG.runSuitesSequentially(TestNG.java:1212)
at org.testng.TestNG.runSuitesLocally(TestNG.java:1134)
at org.testng.TestNG.runSuites(TestNG.java:1063)
at org.testng.TestNG.run(TestNG.java:1031)
at org.testng.remote.AbstractRemoteTestNG.run(AbstractRemoteTestNG.java:115)
at org.testng.remote.RemoteTestNG.initAndRun(RemoteTestNG.java:251)
at org.testng.remote.RemoteTestNG.main(RemoteTestNG.java:77)
]]>
    </failure>
  </testcase> <!-- hosteldata -->
  <testcase classname="TestCases.Hostel_BulkAllotment" name="hosteldata" time="6.865"/>
  <testcase classname="TestCases.Hostel_BulkAllotment" name="hosteldata" time="6.522"/>
  <testcase classname="TestCases.Hostel_BulkAllotment" name="hosteldata" time="6.504"/>
  <testcase classname="TestCases.Hostel_BulkAllotment" name="hosteldata" time="6.822"/>
  <testcase classname="TestCases.Hostel_BulkAllotment" name="hosteldata" time="6.752"/>
  <testcase classname="TestCases.Hostel_BulkAllotment" name="hosteldata" time="7.48"/>
  <testcase classname="TestCases.Hostel_BulkAllotment" name="hosteldata" time="6.782"/>
  <testcase classname="TestCases.Hostel_BulkAllotment" name="hosteldata" time="6.785"/>
  <testcase classname="TestCases.Hostel_BulkAllotment" name="hosteldata" time="12.396"/>
  <testcase classname="TestCases.Hostel_BulkAllotment" name="hosteldata" time="6.417"/>
  <testcase classname="TestCases.Hostel_BulkAllotment" name="hosteldata" time="6.716"/>
  <testcase classname="TestCases.Hostel_BulkAllotment" name="hosteldata" time="6.672"/>
  <testcase classname="TestCases.Hostel_BulkAllotment" name="hosteldata" time="6.846"/>
  <testcase classname="TestCases.Hostel_BulkAllotment" name="hosteldata" time="6.58"/>
  <testcase classname="TestCases.Hostel_BulkAllotment" name="hosteldata" time="6.434"/>
  <testcase classname="TestCases.Hostel_BulkAllotment" name="hosteldata" time="7.83"/>
  <testcase classname="TestCases.Hostel_BulkAllotment" name="hosteldata" time="9.328"/>
  <testcase classname="TestCases.Hostel_BulkAllotment" name="hosteldata" time="6.463"/>
  <testcase classname="TestCases.Hostel_BulkAllotment" name="hosteldata" time="10.786">
    <failure type="org.openqa.selenium.NoSuchElementException" message="Cannot locate option with text: 5306
For documentation on this error, please visit: https://www.selenium.dev/documentation/webdriver/troubleshooting/errors#no-such-element-exception
Build info: version: &amp;apos;4.25.0&amp;apos;, revision: &amp;apos;8a8aea2337&amp;apos;
System info: os.name: &amp;apos;Windows 11&amp;apos;, os.arch: &amp;apos;amd64&amp;apos;, os.version: &amp;apos;10.0&amp;apos;, java.version: &amp;apos;17.0.10&amp;apos;
Driver info: driver.version: unknown">
      <![CDATA[org.openqa.selenium.NoSuchElementException: Cannot locate option with text: 5306
For documentation on this error, please visit: https://www.selenium.dev/documentation/webdriver/troubleshooting/errors#no-such-element-exception
Build info: version: '4.25.0', revision: '8a8aea2337'
System info: os.name: 'Windows 11', os.arch: 'amd64', os.version: '10.0', java.version: '17.0.10'
Driver info: driver.version: unknown
at org.openqa.selenium.support.ui.Select.selectByVisibleText(Select.java:153)
at page_objects.Hostel_Management.room(Hostel_Management.java:121)
at TestCases.Hostel_BulkAllotment.hosteldata(Hostel_BulkAllotment.java:37)
at jdk.internal.reflect.GeneratedMethodAccessor13.invoke(Unknown Source)
at java.base/jdk.internal.reflect.DelegatingMethodAccessorImpl.invoke(DelegatingMethodAccessorImpl.java:43)
at java.base/java.lang.reflect.Method.invoke(Method.java:568)
at org.testng.internal.MethodInvocationHelper.invokeMethod(MethodInvocationHelper.java:133)
at org.testng.internal.TestInvoker.invokeMethod(TestInvoker.java:598)
at org.testng.internal.TestInvoker.invokeTestMethod(TestInvoker.java:173)
at org.testng.internal.MethodRunner.runInSequence(MethodRunner.java:46)
at org.testng.internal.TestInvoker$MethodInvocationAgent.invoke(TestInvoker.java:824)
at org.testng.internal.TestInvoker.invokeTestMethods(TestInvoker.java:146)
at org.testng.internal.TestMethodWorker.invokeTestMethods(TestMethodWorker.java:146)
at org.testng.internal.TestMethodWorker.run(TestMethodWorker.java:128)
at java.base/java.util.ArrayList.forEach(ArrayList.java:1511)
at org.testng.TestRunner.privateRun(TestRunner.java:794)
at org.testng.TestRunner.run(TestRunner.java:596)
at org.testng.SuiteRunner.runTest(SuiteRunner.java:377)
at org.testng.SuiteRunner.runSequentially(SuiteRunner.java:371)
at org.testng.SuiteRunner.privateRun(SuiteRunner.java:332)
at org.testng.SuiteRunner.run(SuiteRunner.java:276)
at org.testng.SuiteRunnerWorker.runSuite(SuiteRunnerWorker.java:53)
at org.testng.SuiteRunnerWorker.run(SuiteRunnerWorker.java:96)
at org.testng.TestNG.runSuitesSequentially(TestNG.java:1212)
at org.testng.TestNG.runSuitesLocally(TestNG.java:1134)
at org.testng.TestNG.runSuites(TestNG.java:1063)
at org.testng.TestNG.run(TestNG.java:1031)
at org.testng.remote.AbstractRemoteTestNG.run(AbstractRemoteTestNG.java:115)
at org.testng.remote.RemoteTestNG.initAndRun(RemoteTestNG.java:251)
at org.testng.remote.RemoteTestNG.main(RemoteTestNG.java:77)
]]>
    </failure>
  </testcase> <!-- hosteldata -->
  <testcase classname="TestCases.Hostel_BulkAllotment" name="hosteldata" time="10.581">
    <failure type="org.openqa.selenium.NoSuchElementException" message="Cannot locate option with text: 5306
For documentation on this error, please visit: https://www.selenium.dev/documentation/webdriver/troubleshooting/errors#no-such-element-exception
Build info: version: &amp;apos;4.25.0&amp;apos;, revision: &amp;apos;8a8aea2337&amp;apos;
System info: os.name: &amp;apos;Windows 11&amp;apos;, os.arch: &amp;apos;amd64&amp;apos;, os.version: &amp;apos;10.0&amp;apos;, java.version: &amp;apos;17.0.10&amp;apos;
Driver info: driver.version: unknown">
      <![CDATA[org.openqa.selenium.NoSuchElementException: Cannot locate option with text: 5306
For documentation on this error, please visit: https://www.selenium.dev/documentation/webdriver/troubleshooting/errors#no-such-element-exception
Build info: version: '4.25.0', revision: '8a8aea2337'
System info: os.name: 'Windows 11', os.arch: 'amd64', os.version: '10.0', java.version: '17.0.10'
Driver info: driver.version: unknown
at org.openqa.selenium.support.ui.Select.selectByVisibleText(Select.java:153)
at page_objects.Hostel_Management.room(Hostel_Management.java:121)
at TestCases.Hostel_BulkAllotment.hosteldata(Hostel_BulkAllotment.java:37)
at jdk.internal.reflect.GeneratedMethodAccessor13.invoke(Unknown Source)
at java.base/jdk.internal.reflect.DelegatingMethodAccessorImpl.invoke(DelegatingMethodAccessorImpl.java:43)
at java.base/java.lang.reflect.Method.invoke(Method.java:568)
at org.testng.internal.MethodInvocationHelper.invokeMethod(MethodInvocationHelper.java:133)
at org.testng.internal.TestInvoker.invokeMethod(TestInvoker.java:598)
at org.testng.internal.TestInvoker.invokeTestMethod(TestInvoker.java:173)
at org.testng.internal.MethodRunner.runInSequence(MethodRunner.java:46)
at org.testng.internal.TestInvoker$MethodInvocationAgent.invoke(TestInvoker.java:824)
at org.testng.internal.TestInvoker.invokeTestMethods(TestInvoker.java:146)
at org.testng.internal.TestMethodWorker.invokeTestMethods(TestMethodWorker.java:146)
at org.testng.internal.TestMethodWorker.run(TestMethodWorker.java:128)
at java.base/java.util.ArrayList.forEach(ArrayList.java:1511)
at org.testng.TestRunner.privateRun(TestRunner.java:794)
at org.testng.TestRunner.run(TestRunner.java:596)
at org.testng.SuiteRunner.runTest(SuiteRunner.java:377)
at org.testng.SuiteRunner.runSequentially(SuiteRunner.java:371)
at org.testng.SuiteRunner.privateRun(SuiteRunner.java:332)
at org.testng.SuiteRunner.run(SuiteRunner.java:276)
at org.testng.SuiteRunnerWorker.runSuite(SuiteRunnerWorker.java:53)
at org.testng.SuiteRunnerWorker.run(SuiteRunnerWorker.java:96)
at org.testng.TestNG.runSuitesSequentially(TestNG.java:1212)
at org.testng.TestNG.runSuitesLocally(TestNG.java:1134)
at org.testng.TestNG.runSuites(TestNG.java:1063)
at org.testng.TestNG.run(TestNG.java:1031)
at org.testng.remote.AbstractRemoteTestNG.run(AbstractRemoteTestNG.java:115)
at org.testng.remote.RemoteTestNG.initAndRun(RemoteTestNG.java:251)
at org.testng.remote.RemoteTestNG.main(RemoteTestNG.java:77)
]]>
    </failure>
  </testcase> <!-- hosteldata -->
  <testcase classname="TestCases.Hostel_BulkAllotment" name="hosteldata" time="6.567"/>
  <testcase classname="TestCases.Hostel_BulkAllotment" name="hosteldata" time="6.831"/>
  <testcase classname="TestCases.Hostel_BulkAllotment" name="hosteldata" time="6.445"/>
  <testcase classname="TestCases.Hostel_BulkAllotment" name="hosteldata" time="6.606"/>
  <testcase classname="TestCases.Hostel_BulkAllotment" name="hosteldata" time="6.515"/>
  <testcase classname="TestCases.Hostel_BulkAllotment" name="hosteldata" time="6.67"/>
  <testcase classname="TestCases.Hostel_BulkAllotment" name="hosteldata" time="6.691"/>
  <testcase classname="TestCases.Hostel_BulkAllotment" name="hosteldata" time="6.4"/>
  <testcase classname="TestCases.Hostel_BulkAllotment" name="hosteldata" time="7.004"/>
  <testcase classname="TestCases.Hostel_BulkAllotment" name="hosteldata" time="6.982"/>
  <testcase classname="TestCases.Hostel_BulkAllotment" name="hosteldata" time="6.862"/>
  <testcase classname="TestCases.Hostel_BulkAllotment" name="hosteldata" time="6.666"/>
  <testcase classname="TestCases.Hostel_BulkAllotment" name="hosteldata" time="6.685"/>
  <testcase classname="TestCases.Hostel_BulkAllotment" name="hosteldata" time="6.72"/>
  <testcase classname="TestCases.Hostel_BulkAllotment" name="hosteldata" time="6.472"/>
  <testcase classname="TestCases.Hostel_BulkAllotment" name="hosteldata" time="6.616"/>
  <testcase classname="TestCases.Hostel_BulkAllotment" name="hosteldata" time="11.098"/>
  <testcase classname="TestCases.Hostel_BulkAllotment" name="hosteldata" time="9.445"/>
  <testcase classname="TestCases.Hostel_BulkAllotment" name="hosteldata" time="6.723"/>
  <testcase classname="TestCases.Hostel_BulkAllotment" name="hosteldata" time="6.546"/>
  <testcase classname="TestCases.Hostel_BulkAllotment" name="hosteldata" time="6.662"/>
  <testcase classname="TestCases.Hostel_BulkAllotment" name="hosteldata" time="6.612"/>
  <testcase classname="TestCases.Hostel_BulkAllotment" name="hosteldata" time="7.603"/>
  <testcase classname="TestCases.Hostel_BulkAllotment" name="hosteldata" time="6.763"/>
  <testcase classname="TestCases.Hostel_BulkAllotment" name="hosteldata" time="6.832"/>
  <testcase classname="TestCases.Hostel_BulkAllotment" name="hosteldata" time="6.556"/>
  <testcase classname="TestCases.Hostel_BulkAllotment" name="hosteldata" time="10.589"/>
  <testcase classname="TestCases.Hostel_BulkAllotment" name="hosteldata" time="6.52"/>
  <testcase classname="TestCases.Hostel_BulkAllotment" name="hosteldata" time="6.512"/>
  <testcase classname="TestCases.Hostel_BulkAllotment" name="hosteldata" time="6.733"/>
  <testcase classname="TestCases.Hostel_BulkAllotment" name="hosteldata" time="6.51"/>
  <testcase classname="TestCases.Hostel_BulkAllotment" name="hosteldata" time="6.511"/>
  <testcase classname="TestCases.Hostel_BulkAllotment" name="hosteldata" time="6.479"/>
  <testcase classname="TestCases.Hostel_BulkAllotment" name="hosteldata" time="6.453"/>
  <testcase classname="TestCases.Hostel_BulkAllotment" name="hosteldata" time="6.711"/>
  <testcase classname="TestCases.Hostel_BulkAllotment" name="hosteldata" time="6.629"/>
  <testcase classname="TestCases.Hostel_BulkAllotment" name="hosteldata" time="6.375"/>
  <testcase classname="TestCases.Hostel_BulkAllotment" name="hosteldata" time="6.445"/>
  <testcase classname="TestCases.Hostel_BulkAllotment" name="hosteldata" time="6.57"/>
  <testcase classname="TestCases.Hostel_BulkAllotment" name="hosteldata" time="9.257"/>
  <testcase classname="TestCases.Hostel_BulkAllotment" name="hosteldata" time="6.655"/>
  <testcase classname="TestCases.Hostel_BulkAllotment" name="hosteldata" time="6.63"/>
  <testcase classname="TestCases.Hostel_BulkAllotment" name="hosteldata" time="6.587"/>
  <testcase classname="TestCases.Hostel_BulkAllotment" name="hosteldata" time="6.441"/>
  <testcase classname="TestCases.Hostel_BulkAllotment" name="hosteldata" time="6.763"/>
  <testcase classname="TestCases.Hostel_BulkAllotment" name="hosteldata" time="6.662"/>
  <testcase classname="TestCases.Hostel_BulkAllotment" name="hosteldata" time="6.696"/>
  <testcase classname="TestCases.Hostel_BulkAllotment" name="hosteldata" time="9.047"/>
  <testcase classname="TestCases.Hostel_BulkAllotment" name="hosteldata" time="6.538"/>
  <testcase classname="TestCases.Hostel_BulkAllotment" name="hosteldata" time="6.527"/>
  <testcase classname="TestCases.Hostel_BulkAllotment" name="hosteldata" time="6.459"/>
  <testcase classname="TestCases.Hostel_BulkAllotment" name="hosteldata" time="6.518"/>
  <testcase classname="TestCases.Hostel_BulkAllotment" name="hosteldata" time="6.714"/>
  <testcase classname="TestCases.Hostel_BulkAllotment" name="hosteldata" time="6.82"/>
  <testcase classname="TestCases.Hostel_BulkAllotment" name="hosteldata" time="6.647"/>
  <testcase classname="TestCases.Hostel_BulkAllotment" name="hosteldata" time="6.753"/>
  <testcase classname="TestCases.Hostel_BulkAllotment" name="hosteldata" time="6.564"/>
  <testcase classname="TestCases.Hostel_BulkAllotment" name="hosteldata" time="6.477"/>
  <testcase classname="TestCases.Hostel_BulkAllotment" name="hosteldata" time="6.624"/>
  <testcase classname="TestCases.Hostel_BulkAllotment" name="hosteldata" time="6.713"/>
  <testcase classname="TestCases.Hostel_BulkAllotment" name="hosteldata" time="10.185"/>
  <testcase classname="TestCases.Hostel_BulkAllotment" name="hosteldata" time="6.77"/>
  <testcase classname="TestCases.Hostel_BulkAllotment" name="hosteldata" time="6.553"/>
  <testcase classname="TestCases.Hostel_BulkAllotment" name="hosteldata" time="6.661"/>
  <testcase classname="TestCases.Hostel_BulkAllotment" name="hosteldata" time="6.667"/>
  <testcase classname="TestCases.Hostel_BulkAllotment" name="hosteldata" time="6.35"/>
  <testcase classname="TestCases.Hostel_BulkAllotment" name="hosteldata" time="6.738"/>
  <testcase classname="TestCases.Hostel_BulkAllotment" name="hosteldata" time="9.587"/>
  <testcase classname="TestCases.Hostel_BulkAllotment" name="hosteldata" time="6.57"/>
  <testcase classname="TestCases.Hostel_BulkAllotment" name="hosteldata" time="6.717"/>
  <testcase classname="TestCases.Hostel_BulkAllotment" name="hosteldata" time="6.543"/>
  <testcase classname="TestCases.Hostel_BulkAllotment" name="hosteldata" time="6.805"/>
  <testcase classname="TestCases.Hostel_BulkAllotment" name="hosteldata" time="6.333"/>
  <testcase classname="TestCases.Hostel_BulkAllotment" name="hosteldata" time="6.677"/>
  <testcase classname="TestCases.Hostel_BulkAllotment" name="hosteldata" time="6.515"/>
  <testcase classname="TestCases.Hostel_BulkAllotment" name="hosteldata" time="6.583"/>
  <testcase classname="TestCases.Hostel_BulkAllotment" name="hosteldata" time="6.521"/>
  <testcase classname="TestCases.Hostel_BulkAllotment" name="hosteldata" time="7.028"/>
  <testcase classname="TestCases.Hostel_BulkAllotment" name="hosteldata" time="6.77"/>
  <testcase classname="TestCases.Hostel_BulkAllotment" name="hosteldata" time="6.811"/>
  <testcase classname="TestCases.Hostel_BulkAllotment" name="hosteldata" time="6.614"/>
  <testcase classname="TestCases.Hostel_BulkAllotment" name="hosteldata" time="6.422"/>
  <testcase classname="TestCases.Hostel_BulkAllotment" name="hosteldata" time="6.621"/>
  <testcase classname="TestCases.Hostel_BulkAllotment" name="hosteldata" time="6.496"/>
  <testcase classname="TestCases.Hostel_BulkAllotment" name="hosteldata" time="6.955"/>
  <testcase classname="TestCases.Hostel_BulkAllotment" name="hosteldata" time="7.501"/>
  <testcase classname="TestCases.Hostel_BulkAllotment" name="hosteldata" time="9.239"/>
  <testcase classname="TestCases.Hostel_BulkAllotment" name="hosteldata" time="6.664"/>
  <testcase classname="TestCases.Hostel_BulkAllotment" name="hosteldata" time="14.179"/>
  <testcase classname="TestCases.Hostel_BulkAllotment" name="hosteldata" time="9.234"/>
  <testcase classname="TestCases.Hostel_BulkAllotment" name="hosteldata" time="6.633"/>
  <testcase classname="TestCases.Hostel_BulkAllotment" name="hosteldata" time="6.783"/>
  <testcase classname="TestCases.Hostel_BulkAllotment" name="hosteldata" time="6.691"/>
  <testcase classname="TestCases.Hostel_BulkAllotment" name="hosteldata" time="6.526"/>
  <testcase classname="TestCases.Hostel_BulkAllotment" name="hosteldata" time="6.887"/>
  <testcase classname="TestCases.Hostel_BulkAllotment" name="hosteldata" time="6.628"/>
  <testcase classname="TestCases.Hostel_BulkAllotment" name="hosteldata" time="6.955"/>
  <testcase classname="TestCases.Hostel_BulkAllotment" name="hosteldata" time="7.117"/>
  <testcase classname="TestCases.Hostel_BulkAllotment" name="hosteldata" time="6.574"/>
  <testcase classname="TestCases.Hostel_BulkAllotment" name="hosteldata" time="6.749"/>
  <testcase classname="TestCases.Hostel_BulkAllotment" name="hosteldata" time="6.712"/>
  <testcase classname="TestCases.Hostel_BulkAllotment" name="hosteldata" time="6.487"/>
  <testcase classname="TestCases.Hostel_BulkAllotment" name="hosteldata" time="6.883"/>
  <testcase classname="TestCases.Hostel_BulkAllotment" name="hosteldata" time="6.718"/>
  <testcase classname="TestCases.Hostel_BulkAllotment" name="hosteldata" time="7.038"/>
  <testcase classname="TestCases.Hostel_BulkAllotment" name="hosteldata" time="7.532"/>
  <testcase classname="TestCases.Hostel_BulkAllotment" name="hosteldata" time="7.055"/>
  <testcase classname="TestCases.Hostel_BulkAllotment" name="hosteldata" time="6.751"/>
</testsuite> <!-- Default test -->
