<?xml version="1.0" encoding="UTF-8"?>
<!-- Generated by org.testng.reporters.JUnitXMLReporter -->
<testsuite ignored="0" hostname="DESKTOP-FK3RV9V" failures="0" tests="5" name="Test" time="1.55" errors="0" timestamp="2024-06-11T15:29:28 IST">
  <testcase classname="TestBase.BaseTest" name="@BeforeMethod setup" time="-1.7180999682E9">
    <failure type="org.testng.TestNGException" message="
Parameter &amp;apos;browser&amp;apos; is required by BeforeMethod on method setup but has not been marked @Optional or defined
in C:\Users\Admin\eclipse-workspace\FaceifyEdu\logintest.xml">
      <![CDATA[org.testng.TestNGException: 
Parameter 'browser' is required by BeforeMethod on method setup but has not been marked @Optional or defined
in C:\Users\Admin\eclipse-workspace\FaceifyEdu\logintest.xml
at java.base/java.util.ArrayList.forEach(ArrayList.java:1511)
... Removed 28 stack frames]]>
    </failure>
  </testcase> <!-- @BeforeMethod setup -->
  <testcase classname="TestBase.BaseTest" name="@AfterMethod teardown" time="-1.718099968233E9">
    <skipped/>
  </testcase> <!-- @AfterMethod teardown -->
  <testcase classname="TestBase.BaseTest" name="@BeforeMethod setup" time="-1.718099968235E9">
    <skipped/>
  </testcase> <!-- @BeforeMethod setup -->
  <testcase classname="TestBase.BaseTest" name="@AfterMethod teardown" time="-1.718099968243E9">
    <skipped/>
  </testcase> <!-- @AfterMethod teardown -->
  <testcase classname="TestBase.BaseTest" name="@BeforeMethod setup" time="-1.718099968245E9">
    <skipped/>
  </testcase> <!-- @BeforeMethod setup -->
  <testcase classname="TestBase.BaseTest" name="@AfterMethod teardown" time="-1.718099968253E9">
    <skipped/>
  </testcase> <!-- @AfterMethod teardown -->
  <testcase classname="TestBase.BaseTest" name="@BeforeMethod setup" time="-1.718099968255E9">
    <skipped/>
  </testcase> <!-- @BeforeMethod setup -->
  <testcase classname="TestBase.BaseTest" name="@AfterMethod teardown" time="-1.718099968264E9">
    <skipped/>
  </testcase> <!-- @AfterMethod teardown -->
  <testcase classname="TestBase.BaseTest" name="@BeforeMethod setup" time="-1.718099968266E9">
    <skipped/>
  </testcase> <!-- @BeforeMethod setup -->
  <testcase classname="TestBase.BaseTest" name="@AfterMethod teardown" time="-1.718099968275E9">
    <skipped/>
  </testcase> <!-- @AfterMethod teardown -->
  <testcase classname="DataDriven.loginTest" name="loginTest" time="0.0">
    <skipped/>
  </testcase> <!-- loginTest -->
  <testcase classname="DataDriven.loginTest" name="loginTest" time="0.0">
    <skipped/>
  </testcase> <!-- loginTest -->
  <testcase classname="DataDriven.loginTest" name="loginTest" time="0.0">
    <skipped/>
  </testcase> <!-- loginTest -->
  <testcase classname="DataDriven.loginTest" name="loginTest" time="0.0">
    <skipped/>
  </testcase> <!-- loginTest -->
  <testcase classname="DataDriven.loginTest" name="loginTest" time="0.0">
    <skipped/>
  </testcase> <!-- loginTest -->
</testsuite> <!-- Test -->
