<?xml version="1.0" encoding="UTF-8"?>
<!-- Generated by org.testng.reporters.JUnitReportReporter -->
<testsuite hostname="DESKTOP-FK3RV9V" failures="0" tests="241" name="TestCases.Hostel_BulkAllotment" time="2868.082" errors="6" timestamp="2024-10-17T16:40:48 IST" skipped="0">
  <testcase classname="TestCases.Hostel_BulkAllotment" name="hosteldata" time="11.536"/>
  <system-out/>
  <testcase classname="TestCases.Hostel_BulkAllotment" name="hosteldata" time="14.779"/>
  <system-out/>
  <testcase classname="TestCases.Hostel_BulkAllotment" name="hosteldata" time="11.061"/>
  <system-out/>
  <testcase classname="TestCases.Hostel_BulkAllotment" name="hosteldata" time="11.026"/>
  <system-out/>
  <testcase classname="TestCases.Hostel_BulkAllotment" name="hosteldata" time="11.202"/>
  <system-out/>
  <testcase classname="TestCases.Hostel_BulkAllotment" name="hosteldata" time="11.589"/>
  <system-out/>
  <testcase classname="TestCases.Hostel_BulkAllotment" name="hosteldata" time="11.191"/>
  <system-out/>
  <testcase classname="TestCases.Hostel_BulkAllotment" name="hosteldata" time="11.371"/>
  <system-out/>
  <testcase classname="TestCases.Hostel_BulkAllotment" name="hosteldata" time="11.495"/>
  <system-out/>
  <testcase classname="TestCases.Hostel_BulkAllotment" name="hosteldata" time="10.892"/>
  <system-out/>
  <testcase classname="TestCases.Hostel_BulkAllotment" name="hosteldata" time="11.284"/>
  <system-out/>
  <testcase classname="TestCases.Hostel_BulkAllotment" name="hosteldata" time="15.919">
    <error message="no such element: Unable to locate element: {&quot;method&quot;:&quot;xpath&quot;,&quot;selector&quot;:&quot;(//span[@class=&#039;chakra-checkbox__control css-1ydjfm6&#039;])[2]&quot;}
  (Session info: chrome=129.0.6668.101)
For documentation on this error, please visit: https://www.selenium.dev/documentation/webdriver/troubleshooting/errors#no-such-element-exception
Build info: version: &#039;4.25.0&#039;, revision: &#039;8a8aea2337&#039;
System info: os.name: &#039;Windows 11&#039;, os.arch: &#039;amd64&#039;, os.version: &#039;10.0&#039;, java.version: &#039;17.0.10&#039;
Driver info: org.openqa.selenium.chrome.ChromeDriver
Command: [2f394ac04d223a43b96924e7e102572a, findElement {using=xpath, value=(//span[@class=&#039;chakra-checkbox__control css-1ydjfm6&#039;])[2]}]
Capabilities {acceptInsecureCerts: false, browserName: chrome, browserVersion: 129.0.6668.101, chrome: {chromedriverVersion: 129.0.6668.100 (cf58cba358d..., userDataDir: C:\Users\Admin\AppData\Loca...}, fedcm:accounts: true, goog:chromeOptions: {debuggerAddress: localhost:53576}, networkConnectionEnabled: false, pageLoadStrategy: normal, platformName: windows, proxy: Proxy(), se:cdp: ws://localhost:53576/devtoo..., se:cdpVersion: 129.0.6668.101, setWindowRect: true, strictFileInteractability: false, timeouts: {implicit: 0, pageLoad: 300000, script: 30000}, unhandledPromptBehavior: dismiss and notify, webauthn:extension:credBlob: true, webauthn:extension:largeBlob: true, webauthn:extension:minPinLength: true, webauthn:extension:prf: true, webauthn:virtualAuthenticators: true}
Session ID: 2f394ac04d223a43b96924e7e102572a" type="org.openqa.selenium.NoSuchElementException">
      <![CDATA[org.openqa.selenium.NoSuchElementException: no such element: Unable to locate element: {"method":"xpath","selector":"(//span[@class='chakra-checkbox__control css-1ydjfm6'])[2]"}
  (Session info: chrome=129.0.6668.101)
For documentation on this error, please visit: https://www.selenium.dev/documentation/webdriver/troubleshooting/errors#no-such-element-exception
Build info: version: '4.25.0', revision: '8a8aea2337'
System info: os.name: 'Windows 11', os.arch: 'amd64', os.version: '10.0', java.version: '17.0.10'
Driver info: org.openqa.selenium.chrome.ChromeDriver
Command: [2f394ac04d223a43b96924e7e102572a, findElement {using=xpath, value=(//span[@class='chakra-checkbox__control css-1ydjfm6'])[2]}]
Capabilities {acceptInsecureCerts: false, browserName: chrome, browserVersion: 129.0.6668.101, chrome: {chromedriverVersion: 129.0.6668.100 (cf58cba358d..., userDataDir: C:\Users\Admin\AppData\Loca...}, fedcm:accounts: true, goog:chromeOptions: {debuggerAddress: localhost:53576}, networkConnectionEnabled: false, pageLoadStrategy: normal, platformName: windows, proxy: Proxy(), se:cdp: ws://localhost:53576/devtoo..., se:cdpVersion: 129.0.6668.101, setWindowRect: true, strictFileInteractability: false, timeouts: {implicit: 0, pageLoad: 300000, script: 30000}, unhandledPromptBehavior: dismiss and notify, webauthn:extension:credBlob: true, webauthn:extension:largeBlob: true, webauthn:extension:minPinLength: true, webauthn:extension:prf: true, webauthn:virtualAuthenticators: true}
Session ID: 2f394ac04d223a43b96924e7e102572a
at java.base/jdk.internal.reflect.NativeConstructorAccessorImpl.newInstance0(Native Method)
at java.base/jdk.internal.reflect.NativeConstructorAccessorImpl.newInstance(NativeConstructorAccessorImpl.java:77)
at java.base/jdk.internal.reflect.DelegatingConstructorAccessorImpl.newInstance(DelegatingConstructorAccessorImpl.java:45)
at java.base/java.lang.reflect.Constructor.newInstanceWithCaller(Constructor.java:499)
at java.base/java.lang.reflect.Constructor.newInstance(Constructor.java:480)
at org.openqa.selenium.remote.ErrorCodec.decode(ErrorCodec.java:167)
at org.openqa.selenium.remote.codec.w3c.W3CHttpResponseCodec.decode(W3CHttpResponseCodec.java:138)
at org.openqa.selenium.remote.codec.w3c.W3CHttpResponseCodec.decode(W3CHttpResponseCodec.java:50)
at org.openqa.selenium.remote.HttpCommandExecutor.execute(HttpCommandExecutor.java:190)
at org.openqa.selenium.remote.service.DriverCommandExecutor.invokeExecute(DriverCommandExecutor.java:216)
at org.openqa.selenium.remote.service.DriverCommandExecutor.execute(DriverCommandExecutor.java:174)
at org.openqa.selenium.remote.RemoteWebDriver.execute(RemoteWebDriver.java:545)
at org.openqa.selenium.remote.ElementLocation$ElementFinder$2.findElement(ElementLocation.java:165)
at org.openqa.selenium.remote.ElementLocation.findElement(ElementLocation.java:59)
at org.openqa.selenium.remote.RemoteWebDriver.findElement(RemoteWebDriver.java:368)
at org.openqa.selenium.remote.RemoteWebDriver.findElement(RemoteWebDriver.java:362)
at org.openqa.selenium.support.pagefactory.DefaultElementLocator.findElement(DefaultElementLocator.java:68)
at org.openqa.selenium.support.pagefactory.internal.LocatingElementHandler.invoke(LocatingElementHandler.java:38)
at jdk.proxy2/jdk.proxy2.$Proxy38.click(Unknown Source)
at page_objects.Hostel_Management.student_selection(Hostel_Management.java:134)
at TestCases.Hostel_BulkAllotment.hosteldata(Hostel_BulkAllotment.java:39)
at jdk.internal.reflect.GeneratedMethodAccessor13.invoke(Unknown Source)
at java.base/jdk.internal.reflect.DelegatingMethodAccessorImpl.invoke(DelegatingMethodAccessorImpl.java:43)
at java.base/java.lang.reflect.Method.invoke(Method.java:568)
at org.testng.internal.MethodInvocationHelper.invokeMethod(MethodInvocationHelper.java:133)
at org.testng.internal.TestInvoker.invokeMethod(TestInvoker.java:598)
at org.testng.internal.TestInvoker.invokeTestMethod(TestInvoker.java:173)
at org.testng.internal.MethodRunner.runInSequence(MethodRunner.java:46)
at org.testng.internal.TestInvoker$MethodInvocationAgent.invoke(TestInvoker.java:824)
at org.testng.internal.TestInvoker.invokeTestMethods(TestInvoker.java:146)
at org.testng.internal.TestMethodWorker.invokeTestMethods(TestMethodWorker.java:146)
at org.testng.internal.TestMethodWorker.run(TestMethodWorker.java:128)
at java.base/java.util.ArrayList.forEach(ArrayList.java:1511)
at org.testng.TestRunner.privateRun(TestRunner.java:794)
at org.testng.TestRunner.run(TestRunner.java:596)
at org.testng.SuiteRunner.runTest(SuiteRunner.java:377)
at org.testng.SuiteRunner.runSequentially(SuiteRunner.java:371)
at org.testng.SuiteRunner.privateRun(SuiteRunner.java:332)
at org.testng.SuiteRunner.run(SuiteRunner.java:276)
at org.testng.SuiteRunnerWorker.runSuite(SuiteRunnerWorker.java:53)
at org.testng.SuiteRunnerWorker.run(SuiteRunnerWorker.java:96)
at org.testng.TestNG.runSuitesSequentially(TestNG.java:1212)
at org.testng.TestNG.runSuitesLocally(TestNG.java:1134)
at org.testng.TestNG.runSuites(TestNG.java:1063)
at org.testng.TestNG.run(TestNG.java:1031)
at org.testng.remote.AbstractRemoteTestNG.run(AbstractRemoteTestNG.java:115)
at org.testng.remote.RemoteTestNG.initAndRun(RemoteTestNG.java:251)
at org.testng.remote.RemoteTestNG.main(RemoteTestNG.java:77)
]]>
    </error>
  </testcase> <!-- hosteldata -->
  <system-out/>
  <testcase classname="TestCases.Hostel_BulkAllotment" name="hosteldata" time="11.193"/>
  <system-out/>
  <testcase classname="TestCases.Hostel_BulkAllotment" name="hosteldata" time="11.279"/>
  <system-out/>
  <testcase classname="TestCases.Hostel_BulkAllotment" name="hosteldata" time="11.677"/>
  <system-out/>
  <testcase classname="TestCases.Hostel_BulkAllotment" name="hosteldata" time="12.226"/>
  <system-out/>
  <testcase classname="TestCases.Hostel_BulkAllotment" name="hosteldata" time="11.338"/>
  <system-out/>
  <testcase classname="TestCases.Hostel_BulkAllotment" name="hosteldata" time="11.011"/>
  <system-out/>
  <testcase classname="TestCases.Hostel_BulkAllotment" name="hosteldata" time="11.246"/>
  <system-out/>
  <testcase classname="TestCases.Hostel_BulkAllotment" name="hosteldata" time="11.580"/>
  <system-out/>
  <testcase classname="TestCases.Hostel_BulkAllotment" name="hosteldata" time="11.624"/>
  <system-out/>
  <testcase classname="TestCases.Hostel_BulkAllotment" name="hosteldata" time="13.093"/>
  <system-out/>
  <testcase classname="TestCases.Hostel_BulkAllotment" name="hosteldata" time="11.266"/>
  <system-out/>
  <testcase classname="TestCases.Hostel_BulkAllotment" name="hosteldata" time="11.463"/>
  <system-out/>
  <testcase classname="TestCases.Hostel_BulkAllotment" name="hosteldata" time="11.372"/>
  <system-out/>
  <testcase classname="TestCases.Hostel_BulkAllotment" name="hosteldata" time="11.385"/>
  <system-out/>
  <testcase classname="TestCases.Hostel_BulkAllotment" name="hosteldata" time="11.146"/>
  <system-out/>
  <testcase classname="TestCases.Hostel_BulkAllotment" name="hosteldata" time="13.913"/>
  <system-out/>
  <testcase classname="TestCases.Hostel_BulkAllotment" name="hosteldata" time="11.235"/>
  <system-out/>
  <testcase classname="TestCases.Hostel_BulkAllotment" name="hosteldata" time="11.185"/>
  <system-out/>
  <testcase classname="TestCases.Hostel_BulkAllotment" name="hosteldata" time="11.256"/>
  <system-out/>
  <testcase classname="TestCases.Hostel_BulkAllotment" name="hosteldata" time="11.128"/>
  <system-out/>
  <testcase classname="TestCases.Hostel_BulkAllotment" name="hosteldata" time="11.507"/>
  <system-out/>
  <testcase classname="TestCases.Hostel_BulkAllotment" name="hosteldata" time="14.333"/>
  <system-out/>
  <testcase classname="TestCases.Hostel_BulkAllotment" name="hosteldata" time="11.127"/>
  <system-out/>
  <testcase classname="TestCases.Hostel_BulkAllotment" name="hosteldata" time="11.874"/>
  <system-out/>
  <testcase classname="TestCases.Hostel_BulkAllotment" name="hosteldata" time="11.126"/>
  <system-out/>
  <testcase classname="TestCases.Hostel_BulkAllotment" name="hosteldata" time="11.178"/>
  <system-out/>
  <testcase classname="TestCases.Hostel_BulkAllotment" name="hosteldata" time="11.291"/>
  <system-out/>
  <testcase classname="TestCases.Hostel_BulkAllotment" name="hosteldata" time="11.140"/>
  <system-out/>
  <testcase classname="TestCases.Hostel_BulkAllotment" name="hosteldata" time="11.326"/>
  <system-out/>
  <testcase classname="TestCases.Hostel_BulkAllotment" name="hosteldata" time="11.234"/>
  <system-out/>
  <testcase classname="TestCases.Hostel_BulkAllotment" name="hosteldata" time="11.098"/>
  <system-out/>
  <testcase classname="TestCases.Hostel_BulkAllotment" name="hosteldata" time="13.658"/>
  <system-out/>
  <testcase classname="TestCases.Hostel_BulkAllotment" name="hosteldata" time="11.088"/>
  <system-out/>
  <testcase classname="TestCases.Hostel_BulkAllotment" name="hosteldata" time="11.326"/>
  <system-out/>
  <testcase classname="TestCases.Hostel_BulkAllotment" name="hosteldata" time="11.190"/>
  <system-out/>
  <testcase classname="TestCases.Hostel_BulkAllotment" name="hosteldata" time="11.278"/>
  <system-out/>
  <testcase classname="TestCases.Hostel_BulkAllotment" name="hosteldata" time="15.231"/>
  <system-out/>
  <testcase classname="TestCases.Hostel_BulkAllotment" name="hosteldata" time="11.150"/>
  <system-out/>
  <testcase classname="TestCases.Hostel_BulkAllotment" name="hosteldata" time="18.801"/>
  <system-out/>
  <testcase classname="TestCases.Hostel_BulkAllotment" name="hosteldata" time="11.301"/>
  <system-out/>
  <testcase classname="TestCases.Hostel_BulkAllotment" name="hosteldata" time="11.202"/>
  <system-out/>
  <testcase classname="TestCases.Hostel_BulkAllotment" name="hosteldata" time="11.166"/>
  <system-out/>
  <testcase classname="TestCases.Hostel_BulkAllotment" name="hosteldata" time="11.314"/>
  <system-out/>
  <testcase classname="TestCases.Hostel_BulkAllotment" name="hosteldata" time="11.062"/>
  <system-out/>
  <testcase classname="TestCases.Hostel_BulkAllotment" name="hosteldata" time="11.971"/>
  <system-out/>
  <testcase classname="TestCases.Hostel_BulkAllotment" name="hosteldata" time="11.398"/>
  <system-out/>
  <testcase classname="TestCases.Hostel_BulkAllotment" name="hosteldata" time="11.483"/>
  <system-out/>
  <testcase classname="TestCases.Hostel_BulkAllotment" name="hosteldata" time="11.426"/>
  <system-out/>
  <testcase classname="TestCases.Hostel_BulkAllotment" name="hosteldata" time="11.999"/>
  <system-out/>
  <testcase classname="TestCases.Hostel_BulkAllotment" name="hosteldata" time="11.191"/>
  <system-out/>
  <testcase classname="TestCases.Hostel_BulkAllotment" name="hosteldata" time="11.470"/>
  <system-out/>
  <testcase classname="TestCases.Hostel_BulkAllotment" name="hosteldata" time="12.217"/>
  <system-out/>
  <testcase classname="TestCases.Hostel_BulkAllotment" name="hosteldata" time="11.030"/>
  <system-out/>
  <testcase classname="TestCases.Hostel_BulkAllotment" name="hosteldata" time="11.394"/>
  <system-out/>
  <testcase classname="TestCases.Hostel_BulkAllotment" name="hosteldata" time="11.368"/>
  <system-out/>
  <testcase classname="TestCases.Hostel_BulkAllotment" name="hosteldata" time="11.530"/>
  <system-out/>
  <testcase classname="TestCases.Hostel_BulkAllotment" name="hosteldata" time="11.519"/>
  <system-out/>
  <testcase classname="TestCases.Hostel_BulkAllotment" name="hosteldata" time="13.440"/>
  <system-out/>
  <testcase classname="TestCases.Hostel_BulkAllotment" name="hosteldata" time="11.368"/>
  <system-out/>
  <testcase classname="TestCases.Hostel_BulkAllotment" name="hosteldata" time="11.507"/>
  <system-out/>
  <testcase classname="TestCases.Hostel_BulkAllotment" name="hosteldata" time="11.345"/>
  <system-out/>
  <testcase classname="TestCases.Hostel_BulkAllotment" name="hosteldata" time="11.533"/>
  <system-out/>
  <testcase classname="TestCases.Hostel_BulkAllotment" name="hosteldata" time="11.343"/>
  <system-out/>
  <testcase classname="TestCases.Hostel_BulkAllotment" name="hosteldata" time="11.544"/>
  <system-out/>
  <testcase classname="TestCases.Hostel_BulkAllotment" name="hosteldata" time="13.199"/>
  <system-out/>
  <testcase classname="TestCases.Hostel_BulkAllotment" name="hosteldata" time="14.106"/>
  <system-out/>
  <testcase classname="TestCases.Hostel_BulkAllotment" name="hosteldata" time="11.385"/>
  <system-out/>
  <testcase classname="TestCases.Hostel_BulkAllotment" name="hosteldata" time="11.215"/>
  <system-out/>
  <testcase classname="TestCases.Hostel_BulkAllotment" name="hosteldata" time="11.160"/>
  <system-out/>
  <testcase classname="TestCases.Hostel_BulkAllotment" name="hosteldata" time="11.027"/>
  <system-out/>
  <testcase classname="TestCases.Hostel_BulkAllotment" name="hosteldata" time="12.112"/>
  <system-out/>
  <testcase classname="TestCases.Hostel_BulkAllotment" name="hosteldata" time="11.198"/>
  <system-out/>
  <testcase classname="TestCases.Hostel_BulkAllotment" name="hosteldata" time="11.534"/>
  <system-out/>
  <testcase classname="TestCases.Hostel_BulkAllotment" name="hosteldata" time="11.399"/>
  <system-out/>
  <testcase classname="TestCases.Hostel_BulkAllotment" name="hosteldata" time="11.458"/>
  <system-out/>
  <testcase classname="TestCases.Hostel_BulkAllotment" name="hosteldata" time="10.995"/>
  <system-out/>
  <testcase classname="TestCases.Hostel_BulkAllotment" name="hosteldata" time="11.544"/>
  <system-out/>
  <testcase classname="TestCases.Hostel_BulkAllotment" name="hosteldata" time="11.190"/>
  <system-out/>
  <testcase classname="TestCases.Hostel_BulkAllotment" name="hosteldata" time="13.895"/>
  <system-out/>
  <testcase classname="TestCases.Hostel_BulkAllotment" name="hosteldata" time="11.003"/>
  <system-out/>
  <testcase classname="TestCases.Hostel_BulkAllotment" name="hosteldata" time="14.902"/>
  <system-out/>
  <testcase classname="TestCases.Hostel_BulkAllotment" name="hosteldata" time="11.291"/>
  <system-out/>
  <testcase classname="TestCases.Hostel_BulkAllotment" name="hosteldata" time="11.521"/>
  <system-out/>
  <testcase classname="TestCases.Hostel_BulkAllotment" name="hosteldata" time="14.793"/>
  <system-out/>
  <testcase classname="TestCases.Hostel_BulkAllotment" name="hosteldata" time="11.422"/>
  <system-out/>
  <testcase classname="TestCases.Hostel_BulkAllotment" name="hosteldata" time="12.168"/>
  <system-out/>
  <testcase classname="TestCases.Hostel_BulkAllotment" name="hosteldata" time="11.293"/>
  <system-out/>
  <testcase classname="TestCases.Hostel_BulkAllotment" name="hosteldata" time="13.019"/>
  <system-out/>
  <testcase classname="TestCases.Hostel_BulkAllotment" name="hosteldata" time="14.340"/>
  <system-out/>
  <testcase classname="TestCases.Hostel_BulkAllotment" name="hosteldata" time="11.411"/>
  <system-out/>
  <testcase classname="TestCases.Hostel_BulkAllotment" name="hosteldata" time="11.349"/>
  <system-out/>
  <testcase classname="TestCases.Hostel_BulkAllotment" name="hosteldata" time="15.762"/>
  <system-out/>
  <testcase classname="TestCases.Hostel_BulkAllotment" name="hosteldata" time="11.438"/>
  <system-out/>
  <testcase classname="TestCases.Hostel_BulkAllotment" name="hosteldata" time="11.078"/>
  <system-out/>
  <testcase classname="TestCases.Hostel_BulkAllotment" name="hosteldata" time="11.341"/>
  <system-out/>
  <testcase classname="TestCases.Hostel_BulkAllotment" name="hosteldata" time="11.313"/>
  <system-out/>
  <testcase classname="TestCases.Hostel_BulkAllotment" name="hosteldata" time="11.957"/>
  <system-out/>
  <testcase classname="TestCases.Hostel_BulkAllotment" name="hosteldata" time="11.159"/>
  <system-out/>
  <testcase classname="TestCases.Hostel_BulkAllotment" name="hosteldata" time="11.588"/>
  <system-out/>
  <testcase classname="TestCases.Hostel_BulkAllotment" name="hosteldata" time="14.311"/>
  <system-out/>
  <testcase classname="TestCases.Hostel_BulkAllotment" name="hosteldata" time="11.489"/>
  <system-out/>
  <testcase classname="TestCases.Hostel_BulkAllotment" name="hosteldata" time="11.044"/>
  <system-out/>
  <testcase classname="TestCases.Hostel_BulkAllotment" name="hosteldata" time="11.406"/>
  <system-out/>
  <testcase classname="TestCases.Hostel_BulkAllotment" name="hosteldata" time="11.491"/>
  <system-out/>
  <testcase classname="TestCases.Hostel_BulkAllotment" name="hosteldata" time="11.339"/>
  <system-out/>
  <testcase classname="TestCases.Hostel_BulkAllotment" name="hosteldata" time="11.185"/>
  <system-out/>
  <testcase classname="TestCases.Hostel_BulkAllotment" name="hosteldata" time="11.606"/>
  <system-out/>
  <testcase classname="TestCases.Hostel_BulkAllotment" name="hosteldata" time="11.385"/>
  <system-out/>
  <testcase classname="TestCases.Hostel_BulkAllotment" name="hosteldata" time="11.403"/>
  <system-out/>
  <testcase classname="TestCases.Hostel_BulkAllotment" name="hosteldata" time="11.089"/>
  <system-out/>
  <testcase classname="TestCases.Hostel_BulkAllotment" name="hosteldata" time="11.191"/>
  <system-out/>
  <testcase classname="TestCases.Hostel_BulkAllotment" name="hosteldata" time="11.528"/>
  <system-out/>
  <testcase classname="TestCases.Hostel_BulkAllotment" name="hosteldata" time="11.876"/>
  <system-out/>
  <testcase classname="TestCases.Hostel_BulkAllotment" name="hosteldata" time="13.634"/>
  <system-out/>
  <testcase classname="TestCases.Hostel_BulkAllotment" name="hosteldata" time="11.429"/>
  <system-out/>
  <testcase classname="TestCases.Hostel_BulkAllotment" name="hosteldata" time="11.558"/>
  <system-out/>
  <testcase classname="TestCases.Hostel_BulkAllotment" name="hosteldata" time="10.894"/>
  <system-out/>
  <testcase classname="TestCases.Hostel_BulkAllotment" name="hosteldata" time="11.397"/>
  <system-out/>
  <testcase classname="TestCases.Hostel_BulkAllotment" name="hosteldata" time="11.583"/>
  <system-out/>
  <testcase classname="TestCases.Hostel_BulkAllotment" name="hosteldata" time="11.478"/>
  <system-out/>
  <testcase classname="TestCases.Hostel_BulkAllotment" name="hosteldata" time="11.395"/>
  <system-out/>
  <testcase classname="TestCases.Hostel_BulkAllotment" name="hosteldata" time="11.546"/>
  <system-out/>
  <testcase classname="TestCases.Hostel_BulkAllotment" name="hosteldata" time="11.328"/>
  <system-out/>
  <testcase classname="TestCases.Hostel_BulkAllotment" name="hosteldata" time="10.978"/>
  <system-out/>
  <testcase classname="TestCases.Hostel_BulkAllotment" name="hosteldata" time="15.704"/>
  <system-out/>
  <testcase classname="TestCases.Hostel_BulkAllotment" name="hosteldata" time="11.761"/>
  <system-out/>
  <testcase classname="TestCases.Hostel_BulkAllotment" name="hosteldata" time="11.719"/>
  <system-out/>
  <testcase classname="TestCases.Hostel_BulkAllotment" name="hosteldata" time="11.632"/>
  <system-out/>
  <testcase classname="TestCases.Hostel_BulkAllotment" name="hosteldata" time="11.343"/>
  <system-out/>
  <testcase classname="TestCases.Hostel_BulkAllotment" name="hosteldata" time="11.207"/>
  <system-out/>
  <testcase classname="TestCases.Hostel_BulkAllotment" name="hosteldata" time="15.813">
    <error message="no such element: Unable to locate element: {&quot;method&quot;:&quot;xpath&quot;,&quot;selector&quot;:&quot;(//span[@class=&#039;chakra-checkbox__control css-1ydjfm6&#039;])[2]&quot;}
  (Session info: chrome=129.0.6668.101)
For documentation on this error, please visit: https://www.selenium.dev/documentation/webdriver/troubleshooting/errors#no-such-element-exception
Build info: version: &#039;4.25.0&#039;, revision: &#039;8a8aea2337&#039;
System info: os.name: &#039;Windows 11&#039;, os.arch: &#039;amd64&#039;, os.version: &#039;10.0&#039;, java.version: &#039;17.0.10&#039;
Driver info: org.openqa.selenium.chrome.ChromeDriver
Command: [ed97eccff3ccdc23cda43a754cf4ffcf, findElement {using=xpath, value=(//span[@class=&#039;chakra-checkbox__control css-1ydjfm6&#039;])[2]}]
Capabilities {acceptInsecureCerts: false, browserName: chrome, browserVersion: 129.0.6668.101, chrome: {chromedriverVersion: 129.0.6668.100 (cf58cba358d..., userDataDir: C:\Users\Admin\AppData\Loca...}, fedcm:accounts: true, goog:chromeOptions: {debuggerAddress: localhost:53974}, networkConnectionEnabled: false, pageLoadStrategy: normal, platformName: windows, proxy: Proxy(), se:cdp: ws://localhost:53974/devtoo..., se:cdpVersion: 129.0.6668.101, setWindowRect: true, strictFileInteractability: false, timeouts: {implicit: 0, pageLoad: 300000, script: 30000}, unhandledPromptBehavior: dismiss and notify, webauthn:extension:credBlob: true, webauthn:extension:largeBlob: true, webauthn:extension:minPinLength: true, webauthn:extension:prf: true, webauthn:virtualAuthenticators: true}
Session ID: ed97eccff3ccdc23cda43a754cf4ffcf" type="org.openqa.selenium.NoSuchElementException">
      <![CDATA[org.openqa.selenium.NoSuchElementException: no such element: Unable to locate element: {"method":"xpath","selector":"(//span[@class='chakra-checkbox__control css-1ydjfm6'])[2]"}
  (Session info: chrome=129.0.6668.101)
For documentation on this error, please visit: https://www.selenium.dev/documentation/webdriver/troubleshooting/errors#no-such-element-exception
Build info: version: '4.25.0', revision: '8a8aea2337'
System info: os.name: 'Windows 11', os.arch: 'amd64', os.version: '10.0', java.version: '17.0.10'
Driver info: org.openqa.selenium.chrome.ChromeDriver
Command: [ed97eccff3ccdc23cda43a754cf4ffcf, findElement {using=xpath, value=(//span[@class='chakra-checkbox__control css-1ydjfm6'])[2]}]
Capabilities {acceptInsecureCerts: false, browserName: chrome, browserVersion: 129.0.6668.101, chrome: {chromedriverVersion: 129.0.6668.100 (cf58cba358d..., userDataDir: C:\Users\Admin\AppData\Loca...}, fedcm:accounts: true, goog:chromeOptions: {debuggerAddress: localhost:53974}, networkConnectionEnabled: false, pageLoadStrategy: normal, platformName: windows, proxy: Proxy(), se:cdp: ws://localhost:53974/devtoo..., se:cdpVersion: 129.0.6668.101, setWindowRect: true, strictFileInteractability: false, timeouts: {implicit: 0, pageLoad: 300000, script: 30000}, unhandledPromptBehavior: dismiss and notify, webauthn:extension:credBlob: true, webauthn:extension:largeBlob: true, webauthn:extension:minPinLength: true, webauthn:extension:prf: true, webauthn:virtualAuthenticators: true}
Session ID: ed97eccff3ccdc23cda43a754cf4ffcf
at java.base/jdk.internal.reflect.NativeConstructorAccessorImpl.newInstance0(Native Method)
at java.base/jdk.internal.reflect.NativeConstructorAccessorImpl.newInstance(NativeConstructorAccessorImpl.java:77)
at java.base/jdk.internal.reflect.DelegatingConstructorAccessorImpl.newInstance(DelegatingConstructorAccessorImpl.java:45)
at java.base/java.lang.reflect.Constructor.newInstanceWithCaller(Constructor.java:499)
at java.base/java.lang.reflect.Constructor.newInstance(Constructor.java:480)
at org.openqa.selenium.remote.ErrorCodec.decode(ErrorCodec.java:167)
at org.openqa.selenium.remote.codec.w3c.W3CHttpResponseCodec.decode(W3CHttpResponseCodec.java:138)
at org.openqa.selenium.remote.codec.w3c.W3CHttpResponseCodec.decode(W3CHttpResponseCodec.java:50)
at org.openqa.selenium.remote.HttpCommandExecutor.execute(HttpCommandExecutor.java:190)
at org.openqa.selenium.remote.service.DriverCommandExecutor.invokeExecute(DriverCommandExecutor.java:216)
at org.openqa.selenium.remote.service.DriverCommandExecutor.execute(DriverCommandExecutor.java:174)
at org.openqa.selenium.remote.RemoteWebDriver.execute(RemoteWebDriver.java:545)
at org.openqa.selenium.remote.ElementLocation$ElementFinder$2.findElement(ElementLocation.java:165)
at org.openqa.selenium.remote.ElementLocation.findElement(ElementLocation.java:59)
at org.openqa.selenium.remote.RemoteWebDriver.findElement(RemoteWebDriver.java:368)
at org.openqa.selenium.remote.RemoteWebDriver.findElement(RemoteWebDriver.java:362)
at org.openqa.selenium.support.pagefactory.DefaultElementLocator.findElement(DefaultElementLocator.java:68)
at org.openqa.selenium.support.pagefactory.internal.LocatingElementHandler.invoke(LocatingElementHandler.java:38)
at jdk.proxy2/jdk.proxy2.$Proxy38.click(Unknown Source)
at page_objects.Hostel_Management.student_selection(Hostel_Management.java:134)
at TestCases.Hostel_BulkAllotment.hosteldata(Hostel_BulkAllotment.java:39)
at jdk.internal.reflect.GeneratedMethodAccessor13.invoke(Unknown Source)
at java.base/jdk.internal.reflect.DelegatingMethodAccessorImpl.invoke(DelegatingMethodAccessorImpl.java:43)
at java.base/java.lang.reflect.Method.invoke(Method.java:568)
at org.testng.internal.MethodInvocationHelper.invokeMethod(MethodInvocationHelper.java:133)
at org.testng.internal.TestInvoker.invokeMethod(TestInvoker.java:598)
at org.testng.internal.TestInvoker.invokeTestMethod(TestInvoker.java:173)
at org.testng.internal.MethodRunner.runInSequence(MethodRunner.java:46)
at org.testng.internal.TestInvoker$MethodInvocationAgent.invoke(TestInvoker.java:824)
at org.testng.internal.TestInvoker.invokeTestMethods(TestInvoker.java:146)
at org.testng.internal.TestMethodWorker.invokeTestMethods(TestMethodWorker.java:146)
at org.testng.internal.TestMethodWorker.run(TestMethodWorker.java:128)
at java.base/java.util.ArrayList.forEach(ArrayList.java:1511)
at org.testng.TestRunner.privateRun(TestRunner.java:794)
at org.testng.TestRunner.run(TestRunner.java:596)
at org.testng.SuiteRunner.runTest(SuiteRunner.java:377)
at org.testng.SuiteRunner.runSequentially(SuiteRunner.java:371)
at org.testng.SuiteRunner.privateRun(SuiteRunner.java:332)
at org.testng.SuiteRunner.run(SuiteRunner.java:276)
at org.testng.SuiteRunnerWorker.runSuite(SuiteRunnerWorker.java:53)
at org.testng.SuiteRunnerWorker.run(SuiteRunnerWorker.java:96)
at org.testng.TestNG.runSuitesSequentially(TestNG.java:1212)
at org.testng.TestNG.runSuitesLocally(TestNG.java:1134)
at org.testng.TestNG.runSuites(TestNG.java:1063)
at org.testng.TestNG.run(TestNG.java:1031)
at org.testng.remote.AbstractRemoteTestNG.run(AbstractRemoteTestNG.java:115)
at org.testng.remote.RemoteTestNG.initAndRun(RemoteTestNG.java:251)
at org.testng.remote.RemoteTestNG.main(RemoteTestNG.java:77)
]]>
    </error>
  </testcase> <!-- hosteldata -->
  <system-out/>
  <testcase classname="TestCases.Hostel_BulkAllotment" name="hosteldata" time="11.923"/>
  <system-out/>
  <testcase classname="TestCases.Hostel_BulkAllotment" name="hosteldata" time="12.416"/>
  <system-out/>
  <testcase classname="TestCases.Hostel_BulkAllotment" name="hosteldata" time="11.639"/>
  <system-out/>
  <testcase classname="TestCases.Hostel_BulkAllotment" name="hosteldata" time="12.107"/>
  <system-out/>
  <testcase classname="TestCases.Hostel_BulkAllotment" name="hosteldata" time="11.339"/>
  <system-out/>
  <testcase classname="TestCases.Hostel_BulkAllotment" name="hosteldata" time="11.083"/>
  <system-out/>
  <testcase classname="TestCases.Hostel_BulkAllotment" name="hosteldata" time="16.837"/>
  <system-out/>
  <testcase classname="TestCases.Hostel_BulkAllotment" name="hosteldata" time="11.236"/>
  <system-out/>
  <testcase classname="TestCases.Hostel_BulkAllotment" name="hosteldata" time="13.858"/>
  <system-out/>
  <testcase classname="TestCases.Hostel_BulkAllotment" name="hosteldata" time="11.923"/>
  <system-out/>
  <testcase classname="TestCases.Hostel_BulkAllotment" name="hosteldata" time="11.192"/>
  <system-out/>
  <testcase classname="TestCases.Hostel_BulkAllotment" name="hosteldata" time="11.145"/>
  <system-out/>
  <testcase classname="TestCases.Hostel_BulkAllotment" name="hosteldata" time="11.383"/>
  <system-out/>
  <testcase classname="TestCases.Hostel_BulkAllotment" name="hosteldata" time="13.328"/>
  <system-out/>
  <testcase classname="TestCases.Hostel_BulkAllotment" name="hosteldata" time="11.098"/>
  <system-out/>
  <testcase classname="TestCases.Hostel_BulkAllotment" name="hosteldata" time="11.273"/>
  <system-out/>
  <testcase classname="TestCases.Hostel_BulkAllotment" name="hosteldata" time="13.878"/>
  <system-out/>
  <testcase classname="TestCases.Hostel_BulkAllotment" name="hosteldata" time="15.221"/>
  <system-out/>
  <testcase classname="TestCases.Hostel_BulkAllotment" name="hosteldata" time="14.379"/>
  <system-out/>
  <testcase classname="TestCases.Hostel_BulkAllotment" name="hosteldata" time="11.205"/>
  <system-out/>
  <testcase classname="TestCases.Hostel_BulkAllotment" name="hosteldata" time="13.884"/>
  <system-out/>
  <testcase classname="TestCases.Hostel_BulkAllotment" name="hosteldata" time="12.468"/>
  <system-out/>
  <testcase classname="TestCases.Hostel_BulkAllotment" name="hosteldata" time="13.416"/>
  <system-out/>
  <testcase classname="TestCases.Hostel_BulkAllotment" name="hosteldata" time="11.525"/>
  <system-out/>
  <testcase classname="TestCases.Hostel_BulkAllotment" name="hosteldata" time="11.111"/>
  <system-out/>
  <testcase classname="TestCases.Hostel_BulkAllotment" name="hosteldata" time="11.145"/>
  <system-out/>
  <testcase classname="TestCases.Hostel_BulkAllotment" name="hosteldata" time="11.499"/>
  <system-out/>
  <testcase classname="TestCases.Hostel_BulkAllotment" name="hosteldata" time="11.390"/>
  <system-out/>
  <testcase classname="TestCases.Hostel_BulkAllotment" name="hosteldata" time="11.325"/>
  <system-out/>
  <testcase classname="TestCases.Hostel_BulkAllotment" name="hosteldata" time="11.306"/>
  <system-out/>
  <testcase classname="TestCases.Hostel_BulkAllotment" name="hosteldata" time="11.628"/>
  <system-out/>
  <testcase classname="TestCases.Hostel_BulkAllotment" name="hosteldata" time="11.506"/>
  <system-out/>
  <testcase classname="TestCases.Hostel_BulkAllotment" name="hosteldata" time="15.349">
    <error message="Cannot locate option with text: 5306
For documentation on this error, please visit: https://www.selenium.dev/documentation/webdriver/troubleshooting/errors#no-such-element-exception
Build info: version: &#039;4.25.0&#039;, revision: &#039;8a8aea2337&#039;
System info: os.name: &#039;Windows 11&#039;, os.arch: &#039;amd64&#039;, os.version: &#039;10.0&#039;, java.version: &#039;17.0.10&#039;
Driver info: driver.version: unknown" type="org.openqa.selenium.NoSuchElementException">
      <![CDATA[org.openqa.selenium.NoSuchElementException: Cannot locate option with text: 5306
For documentation on this error, please visit: https://www.selenium.dev/documentation/webdriver/troubleshooting/errors#no-such-element-exception
Build info: version: '4.25.0', revision: '8a8aea2337'
System info: os.name: 'Windows 11', os.arch: 'amd64', os.version: '10.0', java.version: '17.0.10'
Driver info: driver.version: unknown
at org.openqa.selenium.support.ui.Select.selectByVisibleText(Select.java:153)
at page_objects.Hostel_Management.room(Hostel_Management.java:121)
at TestCases.Hostel_BulkAllotment.hosteldata(Hostel_BulkAllotment.java:37)
at jdk.internal.reflect.GeneratedMethodAccessor13.invoke(Unknown Source)
at java.base/jdk.internal.reflect.DelegatingMethodAccessorImpl.invoke(DelegatingMethodAccessorImpl.java:43)
at java.base/java.lang.reflect.Method.invoke(Method.java:568)
at org.testng.internal.MethodInvocationHelper.invokeMethod(MethodInvocationHelper.java:133)
at org.testng.internal.TestInvoker.invokeMethod(TestInvoker.java:598)
at org.testng.internal.TestInvoker.invokeTestMethod(TestInvoker.java:173)
at org.testng.internal.MethodRunner.runInSequence(MethodRunner.java:46)
at org.testng.internal.TestInvoker$MethodInvocationAgent.invoke(TestInvoker.java:824)
at org.testng.internal.TestInvoker.invokeTestMethods(TestInvoker.java:146)
at org.testng.internal.TestMethodWorker.invokeTestMethods(TestMethodWorker.java:146)
at org.testng.internal.TestMethodWorker.run(TestMethodWorker.java:128)
at java.base/java.util.ArrayList.forEach(ArrayList.java:1511)
at org.testng.TestRunner.privateRun(TestRunner.java:794)
at org.testng.TestRunner.run(TestRunner.java:596)
at org.testng.SuiteRunner.runTest(SuiteRunner.java:377)
at org.testng.SuiteRunner.runSequentially(SuiteRunner.java:371)
at org.testng.SuiteRunner.privateRun(SuiteRunner.java:332)
at org.testng.SuiteRunner.run(SuiteRunner.java:276)
at org.testng.SuiteRunnerWorker.runSuite(SuiteRunnerWorker.java:53)
at org.testng.SuiteRunnerWorker.run(SuiteRunnerWorker.java:96)
at org.testng.TestNG.runSuitesSequentially(TestNG.java:1212)
at org.testng.TestNG.runSuitesLocally(TestNG.java:1134)
at org.testng.TestNG.runSuites(TestNG.java:1063)
at org.testng.TestNG.run(TestNG.java:1031)
at org.testng.remote.AbstractRemoteTestNG.run(AbstractRemoteTestNG.java:115)
at org.testng.remote.RemoteTestNG.initAndRun(RemoteTestNG.java:251)
at org.testng.remote.RemoteTestNG.main(RemoteTestNG.java:77)
]]>
    </error>
  </testcase> <!-- hosteldata -->
  <system-out/>
  <testcase classname="TestCases.Hostel_BulkAllotment" name="hosteldata" time="11.266"/>
  <system-out/>
  <testcase classname="TestCases.Hostel_BulkAllotment" name="hosteldata" time="11.436"/>
  <system-out/>
  <testcase classname="TestCases.Hostel_BulkAllotment" name="hosteldata" time="11.374"/>
  <system-out/>
  <testcase classname="TestCases.Hostel_BulkAllotment" name="hosteldata" time="13.096"/>
  <system-out/>
  <testcase classname="TestCases.Hostel_BulkAllotment" name="hosteldata" time="11.689"/>
  <system-out/>
  <testcase classname="TestCases.Hostel_BulkAllotment" name="hosteldata" time="11.199"/>
  <system-out/>
  <testcase classname="TestCases.Hostel_BulkAllotment" name="hosteldata" time="11.404"/>
  <system-out/>
  <testcase classname="TestCases.Hostel_BulkAllotment" name="hosteldata" time="12.121"/>
  <system-out/>
  <testcase classname="TestCases.Hostel_BulkAllotment" name="hosteldata" time="11.241"/>
  <system-out/>
  <testcase classname="TestCases.Hostel_BulkAllotment" name="hosteldata" time="12.327"/>
  <system-out/>
  <testcase classname="TestCases.Hostel_BulkAllotment" name="hosteldata" time="11.114"/>
  <system-out/>
  <testcase classname="TestCases.Hostel_BulkAllotment" name="hosteldata" time="16.103">
    <error message="no such element: Unable to locate element: {&quot;method&quot;:&quot;xpath&quot;,&quot;selector&quot;:&quot;(//span[@class=&#039;chakra-checkbox__control css-1ydjfm6&#039;])[2]&quot;}
  (Session info: chrome=129.0.6668.101)
For documentation on this error, please visit: https://www.selenium.dev/documentation/webdriver/troubleshooting/errors#no-such-element-exception
Build info: version: &#039;4.25.0&#039;, revision: &#039;8a8aea2337&#039;
System info: os.name: &#039;Windows 11&#039;, os.arch: &#039;amd64&#039;, os.version: &#039;10.0&#039;, java.version: &#039;17.0.10&#039;
Driver info: org.openqa.selenium.chrome.ChromeDriver
Command: [07f2f5b1ab6c4a6f9ea1f5ea265e554e, findElement {using=xpath, value=(//span[@class=&#039;chakra-checkbox__control css-1ydjfm6&#039;])[2]}]
Capabilities {acceptInsecureCerts: false, browserName: chrome, browserVersion: 129.0.6668.101, chrome: {chromedriverVersion: 129.0.6668.100 (cf58cba358d..., userDataDir: C:\Users\Admin\AppData\Loca...}, fedcm:accounts: true, goog:chromeOptions: {debuggerAddress: localhost:54328}, networkConnectionEnabled: false, pageLoadStrategy: normal, platformName: windows, proxy: Proxy(), se:cdp: ws://localhost:54328/devtoo..., se:cdpVersion: 129.0.6668.101, setWindowRect: true, strictFileInteractability: false, timeouts: {implicit: 0, pageLoad: 300000, script: 30000}, unhandledPromptBehavior: dismiss and notify, webauthn:extension:credBlob: true, webauthn:extension:largeBlob: true, webauthn:extension:minPinLength: true, webauthn:extension:prf: true, webauthn:virtualAuthenticators: true}
Session ID: 07f2f5b1ab6c4a6f9ea1f5ea265e554e" type="org.openqa.selenium.NoSuchElementException">
      <![CDATA[org.openqa.selenium.NoSuchElementException: no such element: Unable to locate element: {"method":"xpath","selector":"(//span[@class='chakra-checkbox__control css-1ydjfm6'])[2]"}
  (Session info: chrome=129.0.6668.101)
For documentation on this error, please visit: https://www.selenium.dev/documentation/webdriver/troubleshooting/errors#no-such-element-exception
Build info: version: '4.25.0', revision: '8a8aea2337'
System info: os.name: 'Windows 11', os.arch: 'amd64', os.version: '10.0', java.version: '17.0.10'
Driver info: org.openqa.selenium.chrome.ChromeDriver
Command: [07f2f5b1ab6c4a6f9ea1f5ea265e554e, findElement {using=xpath, value=(//span[@class='chakra-checkbox__control css-1ydjfm6'])[2]}]
Capabilities {acceptInsecureCerts: false, browserName: chrome, browserVersion: 129.0.6668.101, chrome: {chromedriverVersion: 129.0.6668.100 (cf58cba358d..., userDataDir: C:\Users\Admin\AppData\Loca...}, fedcm:accounts: true, goog:chromeOptions: {debuggerAddress: localhost:54328}, networkConnectionEnabled: false, pageLoadStrategy: normal, platformName: windows, proxy: Proxy(), se:cdp: ws://localhost:54328/devtoo..., se:cdpVersion: 129.0.6668.101, setWindowRect: true, strictFileInteractability: false, timeouts: {implicit: 0, pageLoad: 300000, script: 30000}, unhandledPromptBehavior: dismiss and notify, webauthn:extension:credBlob: true, webauthn:extension:largeBlob: true, webauthn:extension:minPinLength: true, webauthn:extension:prf: true, webauthn:virtualAuthenticators: true}
Session ID: 07f2f5b1ab6c4a6f9ea1f5ea265e554e
at java.base/jdk.internal.reflect.NativeConstructorAccessorImpl.newInstance0(Native Method)
at java.base/jdk.internal.reflect.NativeConstructorAccessorImpl.newInstance(NativeConstructorAccessorImpl.java:77)
at java.base/jdk.internal.reflect.DelegatingConstructorAccessorImpl.newInstance(DelegatingConstructorAccessorImpl.java:45)
at java.base/java.lang.reflect.Constructor.newInstanceWithCaller(Constructor.java:499)
at java.base/java.lang.reflect.Constructor.newInstance(Constructor.java:480)
at org.openqa.selenium.remote.ErrorCodec.decode(ErrorCodec.java:167)
at org.openqa.selenium.remote.codec.w3c.W3CHttpResponseCodec.decode(W3CHttpResponseCodec.java:138)
at org.openqa.selenium.remote.codec.w3c.W3CHttpResponseCodec.decode(W3CHttpResponseCodec.java:50)
at org.openqa.selenium.remote.HttpCommandExecutor.execute(HttpCommandExecutor.java:190)
at org.openqa.selenium.remote.service.DriverCommandExecutor.invokeExecute(DriverCommandExecutor.java:216)
at org.openqa.selenium.remote.service.DriverCommandExecutor.execute(DriverCommandExecutor.java:174)
at org.openqa.selenium.remote.RemoteWebDriver.execute(RemoteWebDriver.java:545)
at org.openqa.selenium.remote.ElementLocation$ElementFinder$2.findElement(ElementLocation.java:165)
at org.openqa.selenium.remote.ElementLocation.findElement(ElementLocation.java:59)
at org.openqa.selenium.remote.RemoteWebDriver.findElement(RemoteWebDriver.java:368)
at org.openqa.selenium.remote.RemoteWebDriver.findElement(RemoteWebDriver.java:362)
at org.openqa.selenium.support.pagefactory.DefaultElementLocator.findElement(DefaultElementLocator.java:68)
at org.openqa.selenium.support.pagefactory.internal.LocatingElementHandler.invoke(LocatingElementHandler.java:38)
at jdk.proxy2/jdk.proxy2.$Proxy38.click(Unknown Source)
at page_objects.Hostel_Management.student_selection(Hostel_Management.java:134)
at TestCases.Hostel_BulkAllotment.hosteldata(Hostel_BulkAllotment.java:39)
at jdk.internal.reflect.GeneratedMethodAccessor13.invoke(Unknown Source)
at java.base/jdk.internal.reflect.DelegatingMethodAccessorImpl.invoke(DelegatingMethodAccessorImpl.java:43)
at java.base/java.lang.reflect.Method.invoke(Method.java:568)
at org.testng.internal.MethodInvocationHelper.invokeMethod(MethodInvocationHelper.java:133)
at org.testng.internal.TestInvoker.invokeMethod(TestInvoker.java:598)
at org.testng.internal.TestInvoker.invokeTestMethod(TestInvoker.java:173)
at org.testng.internal.MethodRunner.runInSequence(MethodRunner.java:46)
at org.testng.internal.TestInvoker$MethodInvocationAgent.invoke(TestInvoker.java:824)
at org.testng.internal.TestInvoker.invokeTestMethods(TestInvoker.java:146)
at org.testng.internal.TestMethodWorker.invokeTestMethods(TestMethodWorker.java:146)
at org.testng.internal.TestMethodWorker.run(TestMethodWorker.java:128)
at java.base/java.util.ArrayList.forEach(ArrayList.java:1511)
at org.testng.TestRunner.privateRun(TestRunner.java:794)
at org.testng.TestRunner.run(TestRunner.java:596)
at org.testng.SuiteRunner.runTest(SuiteRunner.java:377)
at org.testng.SuiteRunner.runSequentially(SuiteRunner.java:371)
at org.testng.SuiteRunner.privateRun(SuiteRunner.java:332)
at org.testng.SuiteRunner.run(SuiteRunner.java:276)
at org.testng.SuiteRunnerWorker.runSuite(SuiteRunnerWorker.java:53)
at org.testng.SuiteRunnerWorker.run(SuiteRunnerWorker.java:96)
at org.testng.TestNG.runSuitesSequentially(TestNG.java:1212)
at org.testng.TestNG.runSuitesLocally(TestNG.java:1134)
at org.testng.TestNG.runSuites(TestNG.java:1063)
at org.testng.TestNG.run(TestNG.java:1031)
at org.testng.remote.AbstractRemoteTestNG.run(AbstractRemoteTestNG.java:115)
at org.testng.remote.RemoteTestNG.initAndRun(RemoteTestNG.java:251)
at org.testng.remote.RemoteTestNG.main(RemoteTestNG.java:77)
]]>
    </error>
  </testcase> <!-- hosteldata -->
  <system-out/>
  <testcase classname="TestCases.Hostel_BulkAllotment" name="hosteldata" time="11.558"/>
  <system-out/>
  <testcase classname="TestCases.Hostel_BulkAllotment" name="hosteldata" time="11.565"/>
  <system-out/>
  <testcase classname="TestCases.Hostel_BulkAllotment" name="hosteldata" time="11.354"/>
  <system-out/>
  <testcase classname="TestCases.Hostel_BulkAllotment" name="hosteldata" time="11.105"/>
  <system-out/>
  <testcase classname="TestCases.Hostel_BulkAllotment" name="hosteldata" time="11.119"/>
  <system-out/>
  <testcase classname="TestCases.Hostel_BulkAllotment" name="hosteldata" time="12.497"/>
  <system-out/>
  <testcase classname="TestCases.Hostel_BulkAllotment" name="hosteldata" time="11.479"/>
  <system-out/>
  <testcase classname="TestCases.Hostel_BulkAllotment" name="hosteldata" time="11.089"/>
  <system-out/>
  <testcase classname="TestCases.Hostel_BulkAllotment" name="hosteldata" time="11.195"/>
  <system-out/>
  <testcase classname="TestCases.Hostel_BulkAllotment" name="hosteldata" time="11.118"/>
  <system-out/>
  <testcase classname="TestCases.Hostel_BulkAllotment" name="hosteldata" time="11.559"/>
  <system-out/>
  <testcase classname="TestCases.Hostel_BulkAllotment" name="hosteldata" time="10.941"/>
  <system-out/>
  <testcase classname="TestCases.Hostel_BulkAllotment" name="hosteldata" time="11.375"/>
  <system-out/>
  <testcase classname="TestCases.Hostel_BulkAllotment" name="hosteldata" time="10.996"/>
  <system-out/>
  <testcase classname="TestCases.Hostel_BulkAllotment" name="hosteldata" time="11.253"/>
  <system-out/>
  <testcase classname="TestCases.Hostel_BulkAllotment" name="hosteldata" time="14.161"/>
  <system-out/>
  <testcase classname="TestCases.Hostel_BulkAllotment" name="hosteldata" time="11.237"/>
  <system-out/>
  <testcase classname="TestCases.Hostel_BulkAllotment" name="hosteldata" time="11.704"/>
  <system-out/>
  <testcase classname="TestCases.Hostel_BulkAllotment" name="hosteldata" time="11.504"/>
  <system-out/>
  <testcase classname="TestCases.Hostel_BulkAllotment" name="hosteldata" time="11.693"/>
  <system-out/>
  <testcase classname="TestCases.Hostel_BulkAllotment" name="hosteldata" time="11.489"/>
  <system-out/>
  <testcase classname="TestCases.Hostel_BulkAllotment" name="hosteldata" time="11.283"/>
  <system-out/>
  <testcase classname="TestCases.Hostel_BulkAllotment" name="hosteldata" time="13.281"/>
  <system-out/>
  <testcase classname="TestCases.Hostel_BulkAllotment" name="hosteldata" time="11.487"/>
  <system-out/>
  <testcase classname="TestCases.Hostel_BulkAllotment" name="hosteldata" time="11.063"/>
  <system-out/>
  <testcase classname="TestCases.Hostel_BulkAllotment" name="hosteldata" time="11.252"/>
  <system-out/>
  <testcase classname="TestCases.Hostel_BulkAllotment" name="hosteldata" time="11.538"/>
  <system-out/>
  <testcase classname="TestCases.Hostel_BulkAllotment" name="hosteldata" time="11.296"/>
  <system-out/>
  <testcase classname="TestCases.Hostel_BulkAllotment" name="hosteldata" time="11.179"/>
  <system-out/>
  <testcase classname="TestCases.Hostel_BulkAllotment" name="hosteldata" time="13.997"/>
  <system-out/>
  <testcase classname="TestCases.Hostel_BulkAllotment" name="hosteldata" time="11.392"/>
  <system-out/>
  <testcase classname="TestCases.Hostel_BulkAllotment" name="hosteldata" time="11.129"/>
  <system-out/>
  <testcase classname="TestCases.Hostel_BulkAllotment" name="hosteldata" time="11.645"/>
  <system-out/>
  <testcase classname="TestCases.Hostel_BulkAllotment" name="hosteldata" time="14.178"/>
  <system-out/>
  <testcase classname="TestCases.Hostel_BulkAllotment" name="hosteldata" time="11.360"/>
  <system-out/>
  <testcase classname="TestCases.Hostel_BulkAllotment" name="hosteldata" time="11.458"/>
  <system-out/>
  <testcase classname="TestCases.Hostel_BulkAllotment" name="hosteldata" time="15.437">
    <error message="Cannot locate option with text: 5306
For documentation on this error, please visit: https://www.selenium.dev/documentation/webdriver/troubleshooting/errors#no-such-element-exception
Build info: version: &#039;4.25.0&#039;, revision: &#039;8a8aea2337&#039;
System info: os.name: &#039;Windows 11&#039;, os.arch: &#039;amd64&#039;, os.version: &#039;10.0&#039;, java.version: &#039;17.0.10&#039;
Driver info: driver.version: unknown" type="org.openqa.selenium.NoSuchElementException">
      <![CDATA[org.openqa.selenium.NoSuchElementException: Cannot locate option with text: 5306
For documentation on this error, please visit: https://www.selenium.dev/documentation/webdriver/troubleshooting/errors#no-such-element-exception
Build info: version: '4.25.0', revision: '8a8aea2337'
System info: os.name: 'Windows 11', os.arch: 'amd64', os.version: '10.0', java.version: '17.0.10'
Driver info: driver.version: unknown
at org.openqa.selenium.support.ui.Select.selectByVisibleText(Select.java:153)
at page_objects.Hostel_Management.room(Hostel_Management.java:121)
at TestCases.Hostel_BulkAllotment.hosteldata(Hostel_BulkAllotment.java:37)
at jdk.internal.reflect.GeneratedMethodAccessor13.invoke(Unknown Source)
at java.base/jdk.internal.reflect.DelegatingMethodAccessorImpl.invoke(DelegatingMethodAccessorImpl.java:43)
at java.base/java.lang.reflect.Method.invoke(Method.java:568)
at org.testng.internal.MethodInvocationHelper.invokeMethod(MethodInvocationHelper.java:133)
at org.testng.internal.TestInvoker.invokeMethod(TestInvoker.java:598)
at org.testng.internal.TestInvoker.invokeTestMethod(TestInvoker.java:173)
at org.testng.internal.MethodRunner.runInSequence(MethodRunner.java:46)
at org.testng.internal.TestInvoker$MethodInvocationAgent.invoke(TestInvoker.java:824)
at org.testng.internal.TestInvoker.invokeTestMethods(TestInvoker.java:146)
at org.testng.internal.TestMethodWorker.invokeTestMethods(TestMethodWorker.java:146)
at org.testng.internal.TestMethodWorker.run(TestMethodWorker.java:128)
at java.base/java.util.ArrayList.forEach(ArrayList.java:1511)
at org.testng.TestRunner.privateRun(TestRunner.java:794)
at org.testng.TestRunner.run(TestRunner.java:596)
at org.testng.SuiteRunner.runTest(SuiteRunner.java:377)
at org.testng.SuiteRunner.runSequentially(SuiteRunner.java:371)
at org.testng.SuiteRunner.privateRun(SuiteRunner.java:332)
at org.testng.SuiteRunner.run(SuiteRunner.java:276)
at org.testng.SuiteRunnerWorker.runSuite(SuiteRunnerWorker.java:53)
at org.testng.SuiteRunnerWorker.run(SuiteRunnerWorker.java:96)
at org.testng.TestNG.runSuitesSequentially(TestNG.java:1212)
at org.testng.TestNG.runSuitesLocally(TestNG.java:1134)
at org.testng.TestNG.runSuites(TestNG.java:1063)
at org.testng.TestNG.run(TestNG.java:1031)
at org.testng.remote.AbstractRemoteTestNG.run(AbstractRemoteTestNG.java:115)
at org.testng.remote.RemoteTestNG.initAndRun(RemoteTestNG.java:251)
at org.testng.remote.RemoteTestNG.main(RemoteTestNG.java:77)
]]>
    </error>
  </testcase> <!-- hosteldata -->
  <system-out/>
  <testcase classname="TestCases.Hostel_BulkAllotment" name="hosteldata" time="11.282"/>
  <system-out/>
  <testcase classname="TestCases.Hostel_BulkAllotment" name="hosteldata" time="11.012"/>
  <system-out/>
  <testcase classname="TestCases.Hostel_BulkAllotment" name="hosteldata" time="11.277"/>
  <system-out/>
  <testcase classname="TestCases.Hostel_BulkAllotment" name="hosteldata" time="11.508"/>
  <system-out/>
  <testcase classname="TestCases.Hostel_BulkAllotment" name="hosteldata" time="11.328"/>
  <system-out/>
  <testcase classname="TestCases.Hostel_BulkAllotment" name="hosteldata" time="11.456"/>
  <system-out/>
  <testcase classname="TestCases.Hostel_BulkAllotment" name="hosteldata" time="11.136"/>
  <system-out/>
  <testcase classname="TestCases.Hostel_BulkAllotment" name="hosteldata" time="11.306"/>
  <system-out/>
  <testcase classname="TestCases.Hostel_BulkAllotment" name="hosteldata" time="11.450"/>
  <system-out/>
  <testcase classname="TestCases.Hostel_BulkAllotment" name="hosteldata" time="11.045"/>
  <system-out/>
  <testcase classname="TestCases.Hostel_BulkAllotment" name="hosteldata" time="11.822"/>
  <system-out/>
  <testcase classname="TestCases.Hostel_BulkAllotment" name="hosteldata" time="15.729">
    <error message="Cannot locate option with text: 2101
For documentation on this error, please visit: https://www.selenium.dev/documentation/webdriver/troubleshooting/errors#no-such-element-exception
Build info: version: &#039;4.25.0&#039;, revision: &#039;8a8aea2337&#039;
System info: os.name: &#039;Windows 11&#039;, os.arch: &#039;amd64&#039;, os.version: &#039;10.0&#039;, java.version: &#039;17.0.10&#039;
Driver info: driver.version: unknown" type="org.openqa.selenium.NoSuchElementException">
      <![CDATA[org.openqa.selenium.NoSuchElementException: Cannot locate option with text: 2101
For documentation on this error, please visit: https://www.selenium.dev/documentation/webdriver/troubleshooting/errors#no-such-element-exception
Build info: version: '4.25.0', revision: '8a8aea2337'
System info: os.name: 'Windows 11', os.arch: 'amd64', os.version: '10.0', java.version: '17.0.10'
Driver info: driver.version: unknown
at org.openqa.selenium.support.ui.Select.selectByVisibleText(Select.java:153)
at page_objects.Hostel_Management.room(Hostel_Management.java:121)
at TestCases.Hostel_BulkAllotment.hosteldata(Hostel_BulkAllotment.java:37)
at java.base/jdk.internal.reflect.NativeMethodAccessorImpl.invoke0(Native Method)
at java.base/jdk.internal.reflect.NativeMethodAccessorImpl.invoke(NativeMethodAccessorImpl.java:77)
at java.base/jdk.internal.reflect.DelegatingMethodAccessorImpl.invoke(DelegatingMethodAccessorImpl.java:43)
at java.base/java.lang.reflect.Method.invoke(Method.java:568)
at org.testng.internal.MethodInvocationHelper.invokeMethod(MethodInvocationHelper.java:133)
at org.testng.internal.TestInvoker.invokeMethod(TestInvoker.java:598)
at org.testng.internal.TestInvoker.invokeTestMethod(TestInvoker.java:173)
at org.testng.internal.MethodRunner.runInSequence(MethodRunner.java:46)
at org.testng.internal.TestInvoker$MethodInvocationAgent.invoke(TestInvoker.java:824)
at org.testng.internal.TestInvoker.invokeTestMethods(TestInvoker.java:146)
at org.testng.internal.TestMethodWorker.invokeTestMethods(TestMethodWorker.java:146)
at org.testng.internal.TestMethodWorker.run(TestMethodWorker.java:128)
at java.base/java.util.ArrayList.forEach(ArrayList.java:1511)
at org.testng.TestRunner.privateRun(TestRunner.java:794)
at org.testng.TestRunner.run(TestRunner.java:596)
at org.testng.SuiteRunner.runTest(SuiteRunner.java:377)
at org.testng.SuiteRunner.runSequentially(SuiteRunner.java:371)
at org.testng.SuiteRunner.privateRun(SuiteRunner.java:332)
at org.testng.SuiteRunner.run(SuiteRunner.java:276)
at org.testng.SuiteRunnerWorker.runSuite(SuiteRunnerWorker.java:53)
at org.testng.SuiteRunnerWorker.run(SuiteRunnerWorker.java:96)
at org.testng.TestNG.runSuitesSequentially(TestNG.java:1212)
at org.testng.TestNG.runSuitesLocally(TestNG.java:1134)
at org.testng.TestNG.runSuites(TestNG.java:1063)
at org.testng.TestNG.run(TestNG.java:1031)
at org.testng.remote.AbstractRemoteTestNG.run(AbstractRemoteTestNG.java:115)
at org.testng.remote.RemoteTestNG.initAndRun(RemoteTestNG.java:251)
at org.testng.remote.RemoteTestNG.main(RemoteTestNG.java:77)
]]>
    </error>
  </testcase> <!-- hosteldata -->
  <system-out/>
  <testcase classname="TestCases.Hostel_BulkAllotment" name="hosteldata" time="14.337"/>
  <system-out/>
  <testcase classname="TestCases.Hostel_BulkAllotment" name="hosteldata" time="11.384"/>
  <system-out/>
  <testcase classname="TestCases.Hostel_BulkAllotment" name="hosteldata" time="10.938"/>
  <system-out/>
  <testcase classname="TestCases.Hostel_BulkAllotment" name="hosteldata" time="11.376"/>
  <system-out/>
</testsuite> <!-- TestCases.Hostel_BulkAllotment -->
